2025-01-22 20:47:17 - INFO - Bot started - checking every 15 seconds
2025-01-22 20:47:17 - INFO - Press Ctrl+C to stop
2025-01-22 20:47:17 - ERROR - Error checking sessions: 'BZBot' object has no attribute 'logger'
Traceback (most recent call last):
  File "C:\Users\dhira\OneDrive\Documents\GitHub\bz-bot\main.py", line 110, in fetch_api_data
    self.logger.info(f"Fetching data from API: {config.API_URL}")
    ^^^^^^^^^^^
AttributeError: 'BZBot' object has no attribute 'logger'

During handling of the above exception, another exception occurred:

Traceback (most recent call last):
  File "C:\Users\dhira\OneDrive\Documents\GitHub\bz-bot\main.py", line 610, in check_sessions
    api_response = await self.fetch_api_data()
                   ^^^^^^^^^^^^^^^^^^^^^^^^^^^
  File "C:\Users\dhira\OneDrive\Documents\GitHub\bz-bot\main.py", line 124, in fetch_api_data
    self.logger.error(f"Unexpected error during API request: {str(e)}")
    ^^^^^^^^^^^
AttributeError: 'BZBot' object has no attribute 'logger'
2025-01-22 20:47:19 - INFO - Bot started - checking every 15 seconds
2025-01-22 20:47:19 - INFO - Press Ctrl+C to stop
2025-01-22 20:47:19 - ERROR - Error checking sessions: 'BZBot' object has no attribute 'logger'
Traceback (most recent call last):
  File "C:\Users\dhira\OneDrive\Documents\GitHub\bz-bot\main.py", line 110, in fetch_api_data
    self.logger.info(f"Fetching data from API: {config.API_URL}")
    ^^^^^^^^^^^
AttributeError: 'BZBot' object has no attribute 'logger'

During handling of the above exception, another exception occurred:

Traceback (most recent call last):
  File "C:\Users\dhira\OneDrive\Documents\GitHub\bz-bot\main.py", line 610, in check_sessions
    api_response = await self.fetch_api_data()
                   ^^^^^^^^^^^^^^^^^^^^^^^^^^^
  File "C:\Users\dhira\OneDrive\Documents\GitHub\bz-bot\main.py", line 124, in fetch_api_data
    self.logger.error(f"Unexpected error during API request: {str(e)}")
    ^^^^^^^^^^^
AttributeError: 'BZBot' object has no attribute 'logger'
2025-01-22 20:47:34 - ERROR - Error checking sessions: 'BZBot' object has no attribute 'logger'
Traceback (most recent call last):
  File "C:\Users\dhira\OneDrive\Documents\GitHub\bz-bot\main.py", line 110, in fetch_api_data
    self.logger.info(f"Fetching data from API: {config.API_URL}")
    ^^^^^^^^^^^
AttributeError: 'BZBot' object has no attribute 'logger'

During handling of the above exception, another exception occurred:

Traceback (most recent call last):
  File "C:\Users\dhira\OneDrive\Documents\GitHub\bz-bot\main.py", line 610, in check_sessions
    api_response = await self.fetch_api_data()
                   ^^^^^^^^^^^^^^^^^^^^^^^^^^^
  File "C:\Users\dhira\OneDrive\Documents\GitHub\bz-bot\main.py", line 124, in fetch_api_data
    self.logger.error(f"Unexpected error during API request: {str(e)}")
    ^^^^^^^^^^^
AttributeError: 'BZBot' object has no attribute 'logger'
2025-01-22 20:47:50 - ERROR - Error checking sessions: 'BZBot' object has no attribute 'logger'
Traceback (most recent call last):
  File "C:\Users\dhira\OneDrive\Documents\GitHub\bz-bot\main.py", line 110, in fetch_api_data
    self.logger.info(f"Fetching data from API: {config.API_URL}")
    ^^^^^^^^^^^
AttributeError: 'BZBot' object has no attribute 'logger'

During handling of the above exception, another exception occurred:

Traceback (most recent call last):
  File "C:\Users\dhira\OneDrive\Documents\GitHub\bz-bot\main.py", line 610, in check_sessions
    api_response = await self.fetch_api_data()
                   ^^^^^^^^^^^^^^^^^^^^^^^^^^^
  File "C:\Users\dhira\OneDrive\Documents\GitHub\bz-bot\main.py", line 124, in fetch_api_data
    self.logger.error(f"Unexpected error during API request: {str(e)}")
    ^^^^^^^^^^^
AttributeError: 'BZBot' object has no attribute 'logger'
2025-01-22 20:48:05 - ERROR - Error checking sessions: 'BZBot' object has no attribute 'logger'
Traceback (most recent call last):
  File "C:\Users\dhira\OneDrive\Documents\GitHub\bz-bot\main.py", line 110, in fetch_api_data
    self.logger.info(f"Fetching data from API: {config.API_URL}")
    ^^^^^^^^^^^
AttributeError: 'BZBot' object has no attribute 'logger'

During handling of the above exception, another exception occurred:

Traceback (most recent call last):
  File "C:\Users\dhira\OneDrive\Documents\GitHub\bz-bot\main.py", line 610, in check_sessions
    api_response = await self.fetch_api_data()
                   ^^^^^^^^^^^^^^^^^^^^^^^^^^^
  File "C:\Users\dhira\OneDrive\Documents\GitHub\bz-bot\main.py", line 124, in fetch_api_data
    self.logger.error(f"Unexpected error during API request: {str(e)}")
    ^^^^^^^^^^^
AttributeError: 'BZBot' object has no attribute 'logger'
2025-01-22 20:48:20 - ERROR - Error checking sessions: 'BZBot' object has no attribute 'logger'
Traceback (most recent call last):
  File "C:\Users\dhira\OneDrive\Documents\GitHub\bz-bot\main.py", line 110, in fetch_api_data
    self.logger.info(f"Fetching data from API: {config.API_URL}")
    ^^^^^^^^^^^
AttributeError: 'BZBot' object has no attribute 'logger'

During handling of the above exception, another exception occurred:

Traceback (most recent call last):
  File "C:\Users\dhira\OneDrive\Documents\GitHub\bz-bot\main.py", line 610, in check_sessions
    api_response = await self.fetch_api_data()
                   ^^^^^^^^^^^^^^^^^^^^^^^^^^^
  File "C:\Users\dhira\OneDrive\Documents\GitHub\bz-bot\main.py", line 124, in fetch_api_data
    self.logger.error(f"Unexpected error during API request: {str(e)}")
    ^^^^^^^^^^^
AttributeError: 'BZBot' object has no attribute 'logger'
2025-01-22 20:48:35 - ERROR - Error checking sessions: 'BZBot' object has no attribute 'logger'
Traceback (most recent call last):
  File "C:\Users\dhira\OneDrive\Documents\GitHub\bz-bot\main.py", line 110, in fetch_api_data
    self.logger.info(f"Fetching data from API: {config.API_URL}")
    ^^^^^^^^^^^
AttributeError: 'BZBot' object has no attribute 'logger'

During handling of the above exception, another exception occurred:

Traceback (most recent call last):
  File "C:\Users\dhira\OneDrive\Documents\GitHub\bz-bot\main.py", line 610, in check_sessions
    api_response = await self.fetch_api_data()
                   ^^^^^^^^^^^^^^^^^^^^^^^^^^^
  File "C:\Users\dhira\OneDrive\Documents\GitHub\bz-bot\main.py", line 124, in fetch_api_data
    self.logger.error(f"Unexpected error during API request: {str(e)}")
    ^^^^^^^^^^^
AttributeError: 'BZBot' object has no attribute 'logger'
2025-01-22 20:48:50 - ERROR - Error checking sessions: 'BZBot' object has no attribute 'logger'
Traceback (most recent call last):
  File "C:\Users\dhira\OneDrive\Documents\GitHub\bz-bot\main.py", line 110, in fetch_api_data
    self.logger.info(f"Fetching data from API: {config.API_URL}")
    ^^^^^^^^^^^
AttributeError: 'BZBot' object has no attribute 'logger'

During handling of the above exception, another exception occurred:

Traceback (most recent call last):
  File "C:\Users\dhira\OneDrive\Documents\GitHub\bz-bot\main.py", line 610, in check_sessions
    api_response = await self.fetch_api_data()
                   ^^^^^^^^^^^^^^^^^^^^^^^^^^^
  File "C:\Users\dhira\OneDrive\Documents\GitHub\bz-bot\main.py", line 124, in fetch_api_data
    self.logger.error(f"Unexpected error during API request: {str(e)}")
    ^^^^^^^^^^^
AttributeError: 'BZBot' object has no attribute 'logger'
2025-01-22 20:48:50 - INFO - Bot started - checking every 15 seconds
2025-01-22 20:48:50 - INFO - Press Ctrl+C to stop
2025-01-22 20:48:50 - ERROR - Error checking sessions: 'BZBot' object has no attribute 'logger'
Traceback (most recent call last):
  File "C:\Users\dhira\OneDrive\Documents\GitHub\bz-bot\main.py", line 113, in fetch_api_data
    self.logger.info(f"Fetching data from API: {config.API_URL}")
    ^^^^^^^^^^^
AttributeError: 'BZBot' object has no attribute 'logger'

During handling of the above exception, another exception occurred:

Traceback (most recent call last):
  File "C:\Users\dhira\OneDrive\Documents\GitHub\bz-bot\main.py", line 613, in check_sessions
    api_response = await self.fetch_api_data()
                   ^^^^^^^^^^^^^^^^^^^^^^^^^^^
  File "C:\Users\dhira\OneDrive\Documents\GitHub\bz-bot\main.py", line 127, in fetch_api_data
    self.logger.error(f"Unexpected error during API request: {str(e)}")
    ^^^^^^^^^^^
AttributeError: 'BZBot' object has no attribute 'logger'
2025-01-22 20:48:52 - INFO - Bot started - checking every 15 seconds
2025-01-22 20:48:52 - INFO - Press Ctrl+C to stop
2025-01-22 20:48:52 - ERROR - Error checking sessions: 'BZBot' object has no attribute 'logger'
Traceback (most recent call last):
  File "C:\Users\dhira\OneDrive\Documents\GitHub\bz-bot\main.py", line 113, in fetch_api_data
    self.logger.info(f"Fetching data from API: {config.API_URL}")
    ^^^^^^^^^^^
AttributeError: 'BZBot' object has no attribute 'logger'

During handling of the above exception, another exception occurred:

Traceback (most recent call last):
  File "C:\Users\dhira\OneDrive\Documents\GitHub\bz-bot\main.py", line 613, in check_sessions
    api_response = await self.fetch_api_data()
                   ^^^^^^^^^^^^^^^^^^^^^^^^^^^
  File "C:\Users\dhira\OneDrive\Documents\GitHub\bz-bot\main.py", line 127, in fetch_api_data
    self.logger.error(f"Unexpected error during API request: {str(e)}")
    ^^^^^^^^^^^
AttributeError: 'BZBot' object has no attribute 'logger'
2025-01-22 20:49:07 - ERROR - Error checking sessions: 'BZBot' object has no attribute 'logger'
Traceback (most recent call last):
  File "C:\Users\dhira\OneDrive\Documents\GitHub\bz-bot\main.py", line 113, in fetch_api_data
    self.logger.info(f"Fetching data from API: {config.API_URL}")
    ^^^^^^^^^^^
AttributeError: 'BZBot' object has no attribute 'logger'

During handling of the above exception, another exception occurred:

Traceback (most recent call last):
  File "C:\Users\dhira\OneDrive\Documents\GitHub\bz-bot\main.py", line 613, in check_sessions
    api_response = await self.fetch_api_data()
                   ^^^^^^^^^^^^^^^^^^^^^^^^^^^
  File "C:\Users\dhira\OneDrive\Documents\GitHub\bz-bot\main.py", line 127, in fetch_api_data
    self.logger.error(f"Unexpected error during API request: {str(e)}")
    ^^^^^^^^^^^
AttributeError: 'BZBot' object has no attribute 'logger'
2025-01-22 20:49:22 - ERROR - Error checking sessions: 'BZBot' object has no attribute 'logger'
Traceback (most recent call last):
  File "C:\Users\dhira\OneDrive\Documents\GitHub\bz-bot\main.py", line 113, in fetch_api_data
    self.logger.info(f"Fetching data from API: {config.API_URL}")
    ^^^^^^^^^^^
AttributeError: 'BZBot' object has no attribute 'logger'

During handling of the above exception, another exception occurred:

Traceback (most recent call last):
  File "C:\Users\dhira\OneDrive\Documents\GitHub\bz-bot\main.py", line 613, in check_sessions
    api_response = await self.fetch_api_data()
                   ^^^^^^^^^^^^^^^^^^^^^^^^^^^
  File "C:\Users\dhira\OneDrive\Documents\GitHub\bz-bot\main.py", line 127, in fetch_api_data
    self.logger.error(f"Unexpected error during API request: {str(e)}")
    ^^^^^^^^^^^
AttributeError: 'BZBot' object has no attribute 'logger'
2025-01-22 20:49:52 - INFO - Bot started - checking every 15 seconds
2025-01-22 20:49:52 - INFO - Press Ctrl+C to stop
2025-01-22 20:49:52 - INFO - Fetching data from API: https://multiplayersessionlist.iondriver.com/api/1.0/sessions?game=bigboat:battlezone_combat_commander
2025-01-22 20:50:07 - INFO - Fetching data from API: https://multiplayersessionlist.iondriver.com/api/1.0/sessions?game=bigboat:battlezone_combat_commander
2025-01-22 20:50:23 - INFO - Fetching data from API: https://multiplayersessionlist.iondriver.com/api/1.0/sessions?game=bigboat:battlezone_combat_commander
2025-01-22 20:50:38 - INFO - Fetching data from API: https://multiplayersessionlist.iondriver.com/api/1.0/sessions?game=bigboat:battlezone_combat_commander
2025-01-22 20:50:54 - INFO - Fetching data from API: https://multiplayersessionlist.iondriver.com/api/1.0/sessions?game=bigboat:battlezone_combat_commander
2025-01-22 20:51:10 - INFO - Fetching data from API: https://multiplayersessionlist.iondriver.com/api/1.0/sessions?game=bigboat:battlezone_combat_commander
2025-01-22 20:51:25 - INFO - Fetching data from API: https://multiplayersessionlist.iondriver.com/api/1.0/sessions?game=bigboat:battlezone_combat_commander
2025-01-22 20:51:41 - INFO - Fetching data from API: https://multiplayersessionlist.iondriver.com/api/1.0/sessions?game=bigboat:battlezone_combat_commander
2025-01-22 20:51:57 - INFO - Fetching data from API: https://multiplayersessionlist.iondriver.com/api/1.0/sessions?game=bigboat:battlezone_combat_commander
2025-01-22 20:52:12 - INFO - Fetching data from API: https://multiplayersessionlist.iondriver.com/api/1.0/sessions?game=bigboat:battlezone_combat_commander
2025-01-22 20:52:28 - INFO - Fetching data from API: https://multiplayersessionlist.iondriver.com/api/1.0/sessions?game=bigboat:battlezone_combat_commander
2025-01-22 20:52:44 - INFO - Fetching data from API: https://multiplayersessionlist.iondriver.com/api/1.0/sessions?game=bigboat:battlezone_combat_commander
2025-01-22 20:52:59 - INFO - Fetching data from API: https://multiplayersessionlist.iondriver.com/api/1.0/sessions?game=bigboat:battlezone_combat_commander
2025-01-22 20:53:15 - INFO - Fetching data from API: https://multiplayersessionlist.iondriver.com/api/1.0/sessions?game=bigboat:battlezone_combat_commander
2025-01-22 20:53:31 - INFO - Fetching data from API: https://multiplayersessionlist.iondriver.com/api/1.0/sessions?game=bigboat:battlezone_combat_commander
2025-01-22 20:53:46 - INFO - Fetching data from API: https://multiplayersessionlist.iondriver.com/api/1.0/sessions?game=bigboat:battlezone_combat_commander
2025-01-22 20:54:02 - INFO - Fetching data from API: https://multiplayersessionlist.iondriver.com/api/1.0/sessions?game=bigboat:battlezone_combat_commander
2025-01-22 20:54:18 - INFO - Fetching data from API: https://multiplayersessionlist.iondriver.com/api/1.0/sessions?game=bigboat:battlezone_combat_commander
2025-01-22 20:54:33 - INFO - Fetching data from API: https://multiplayersessionlist.iondriver.com/api/1.0/sessions?game=bigboat:battlezone_combat_commander
2025-01-22 20:54:49 - INFO - Fetching data from API: https://multiplayersessionlist.iondriver.com/api/1.0/sessions?game=bigboat:battlezone_combat_commander
2025-01-22 20:55:05 - INFO - Fetching data from API: https://multiplayersessionlist.iondriver.com/api/1.0/sessions?game=bigboat:battlezone_combat_commander
2025-01-22 20:55:21 - INFO - Fetching data from API: https://multiplayersessionlist.iondriver.com/api/1.0/sessions?game=bigboat:battlezone_combat_commander
2025-01-22 20:55:36 - INFO - Fetching data from API: https://multiplayersessionlist.iondriver.com/api/1.0/sessions?game=bigboat:battlezone_combat_commander
2025-01-22 20:55:52 - INFO - Fetching data from API: https://multiplayersessionlist.iondriver.com/api/1.0/sessions?game=bigboat:battlezone_combat_commander
2025-01-22 20:56:08 - INFO - Fetching data from API: https://multiplayersessionlist.iondriver.com/api/1.0/sessions?game=bigboat:battlezone_combat_commander
2025-01-22 20:56:24 - INFO - Fetching data from API: https://multiplayersessionlist.iondriver.com/api/1.0/sessions?game=bigboat:battlezone_combat_commander
2025-01-22 20:56:40 - INFO - Fetching data from API: https://multiplayersessionlist.iondriver.com/api/1.0/sessions?game=bigboat:battlezone_combat_commander
2025-01-22 20:56:55 - INFO - Fetching data from API: https://multiplayersessionlist.iondriver.com/api/1.0/sessions?game=bigboat:battlezone_combat_commander
2025-01-22 20:57:12 - INFO - Fetching data from API: https://multiplayersessionlist.iondriver.com/api/1.0/sessions?game=bigboat:battlezone_combat_commander
2025-01-22 20:57:28 - INFO - Fetching data from API: https://multiplayersessionlist.iondriver.com/api/1.0/sessions?game=bigboat:battlezone_combat_commander
2025-01-22 20:57:43 - INFO - Fetching data from API: https://multiplayersessionlist.iondriver.com/api/1.0/sessions?game=bigboat:battlezone_combat_commander
2025-01-22 20:57:59 - INFO - Fetching data from API: https://multiplayersessionlist.iondriver.com/api/1.0/sessions?game=bigboat:battlezone_combat_commander
2025-01-22 20:58:15 - INFO - Fetching data from API: https://multiplayersessionlist.iondriver.com/api/1.0/sessions?game=bigboat:battlezone_combat_commander
2025-01-22 20:58:30 - INFO - Fetching data from API: https://multiplayersessionlist.iondriver.com/api/1.0/sessions?game=bigboat:battlezone_combat_commander
2025-01-22 20:58:46 - INFO - Fetching data from API: https://multiplayersessionlist.iondriver.com/api/1.0/sessions?game=bigboat:battlezone_combat_commander
2025-01-22 20:59:02 - INFO - Fetching data from API: https://multiplayersessionlist.iondriver.com/api/1.0/sessions?game=bigboat:battlezone_combat_commander
2025-01-22 20:59:17 - INFO - Fetching data from API: https://multiplayersessionlist.iondriver.com/api/1.0/sessions?game=bigboat:battlezone_combat_commander
2025-01-22 20:59:35 - INFO - Fetching data from API: https://multiplayersessionlist.iondriver.com/api/1.0/sessions?game=bigboat:battlezone_combat_commander
2025-01-22 20:59:50 - INFO - Fetching data from API: https://multiplayersessionlist.iondriver.com/api/1.0/sessions?game=bigboat:battlezone_combat_commander
2025-01-22 21:00:06 - INFO - Fetching data from API: https://multiplayersessionlist.iondriver.com/api/1.0/sessions?game=bigboat:battlezone_combat_commander
2025-01-22 21:00:22 - INFO - Fetching data from API: https://multiplayersessionlist.iondriver.com/api/1.0/sessions?game=bigboat:battlezone_combat_commander
2025-01-22 21:00:38 - INFO - Fetching data from API: https://multiplayersessionlist.iondriver.com/api/1.0/sessions?game=bigboat:battlezone_combat_commander
2025-01-22 21:00:54 - INFO - Fetching data from API: https://multiplayersessionlist.iondriver.com/api/1.0/sessions?game=bigboat:battlezone_combat_commander
2025-01-22 21:01:10 - INFO - Fetching data from API: https://multiplayersessionlist.iondriver.com/api/1.0/sessions?game=bigboat:battlezone_combat_commander
2025-01-22 21:01:29 - INFO - Fetching data from API: https://multiplayersessionlist.iondriver.com/api/1.0/sessions?game=bigboat:battlezone_combat_commander
2025-01-22 21:01:44 - INFO - Fetching data from API: https://multiplayersessionlist.iondriver.com/api/1.0/sessions?game=bigboat:battlezone_combat_commander
2025-01-22 21:02:00 - INFO - Fetching data from API: https://multiplayersessionlist.iondriver.com/api/1.0/sessions?game=bigboat:battlezone_combat_commander
2025-01-22 21:02:15 - INFO - Fetching data from API: https://multiplayersessionlist.iondriver.com/api/1.0/sessions?game=bigboat:battlezone_combat_commander
2025-01-22 21:02:19 - INFO - Bot started - checking every 15 seconds
2025-01-22 21:02:19 - INFO - Press Ctrl+C to stop
2025-01-22 21:02:19 - INFO - Fetching data from API: https://multiplayersessionlist.iondriver.com/api/1.0/sessions?game=bigboat:battlezone_combat_commander
2025-01-22 21:02:35 - INFO - Fetching data from API: https://multiplayersessionlist.iondriver.com/api/1.0/sessions?game=bigboat:battlezone_combat_commander
2025-01-22 21:02:51 - INFO - Fetching data from API: https://multiplayersessionlist.iondriver.com/api/1.0/sessions?game=bigboat:battlezone_combat_commander
2025-01-22 21:03:06 - INFO - Fetching data from API: https://multiplayersessionlist.iondriver.com/api/1.0/sessions?game=bigboat:battlezone_combat_commander
2025-01-22 21:03:22 - INFO - Fetching data from API: https://multiplayersessionlist.iondriver.com/api/1.0/sessions?game=bigboat:battlezone_combat_commander
2025-01-22 21:03:38 - INFO - Fetching data from API: https://multiplayersessionlist.iondriver.com/api/1.0/sessions?game=bigboat:battlezone_combat_commander
2025-01-22 21:03:54 - INFO - Fetching data from API: https://multiplayersessionlist.iondriver.com/api/1.0/sessions?game=bigboat:battlezone_combat_commander
2025-01-22 21:04:12 - INFO - Fetching data from API: https://multiplayersessionlist.iondriver.com/api/1.0/sessions?game=bigboat:battlezone_combat_commander
2025-01-22 21:04:28 - INFO - Fetching data from API: https://multiplayersessionlist.iondriver.com/api/1.0/sessions?game=bigboat:battlezone_combat_commander
2025-01-22 21:04:43 - INFO - Fetching data from API: https://multiplayersessionlist.iondriver.com/api/1.0/sessions?game=bigboat:battlezone_combat_commander
2025-01-22 21:04:59 - INFO - Fetching data from API: https://multiplayersessionlist.iondriver.com/api/1.0/sessions?game=bigboat:battlezone_combat_commander
2025-01-22 21:05:16 - INFO - Fetching data from API: https://multiplayersessionlist.iondriver.com/api/1.0/sessions?game=bigboat:battlezone_combat_commander
2025-01-22 21:05:32 - INFO - Fetching data from API: https://multiplayersessionlist.iondriver.com/api/1.0/sessions?game=bigboat:battlezone_combat_commander
2025-01-22 21:05:48 - INFO - Fetching data from API: https://multiplayersessionlist.iondriver.com/api/1.0/sessions?game=bigboat:battlezone_combat_commander
2025-01-22 21:06:04 - INFO - Fetching data from API: https://multiplayersessionlist.iondriver.com/api/1.0/sessions?game=bigboat:battlezone_combat_commander
2025-01-22 21:06:19 - INFO - Fetching data from API: https://multiplayersessionlist.iondriver.com/api/1.0/sessions?game=bigboat:battlezone_combat_commander
2025-01-22 21:06:35 - INFO - Fetching data from API: https://multiplayersessionlist.iondriver.com/api/1.0/sessions?game=bigboat:battlezone_combat_commander
2025-01-22 21:06:51 - INFO - Fetching data from API: https://multiplayersessionlist.iondriver.com/api/1.0/sessions?game=bigboat:battlezone_combat_commander
2025-01-22 21:07:06 - INFO - Fetching data from API: https://multiplayersessionlist.iondriver.com/api/1.0/sessions?game=bigboat:battlezone_combat_commander
2025-01-22 21:07:22 - INFO - Fetching data from API: https://multiplayersessionlist.iondriver.com/api/1.0/sessions?game=bigboat:battlezone_combat_commander
2025-01-22 21:07:37 - INFO - Fetching data from API: https://multiplayersessionlist.iondriver.com/api/1.0/sessions?game=bigboat:battlezone_combat_commander
2025-01-22 21:07:53 - INFO - Fetching data from API: https://multiplayersessionlist.iondriver.com/api/1.0/sessions?game=bigboat:battlezone_combat_commander
2025-01-22 21:08:09 - INFO - Fetching data from API: https://multiplayersessionlist.iondriver.com/api/1.0/sessions?game=bigboat:battlezone_combat_commander
2025-01-22 21:08:33 - INFO - Fetching data from API: https://multiplayersessionlist.iondriver.com/api/1.0/sessions?game=bigboat:battlezone_combat_commander
2025-01-22 21:08:48 - INFO - Fetching data from API: https://multiplayersessionlist.iondriver.com/api/1.0/sessions?game=bigboat:battlezone_combat_commander
2025-01-22 21:09:04 - INFO - Fetching data from API: https://multiplayersessionlist.iondriver.com/api/1.0/sessions?game=bigboat:battlezone_combat_commander
2025-01-22 21:09:19 - INFO - Fetching data from API: https://multiplayersessionlist.iondriver.com/api/1.0/sessions?game=bigboat:battlezone_combat_commander
2025-01-22 21:09:35 - INFO - Fetching data from API: https://multiplayersessionlist.iondriver.com/api/1.0/sessions?game=bigboat:battlezone_combat_commander
2025-01-22 21:09:51 - INFO - Fetching data from API: https://multiplayersessionlist.iondriver.com/api/1.0/sessions?game=bigboat:battlezone_combat_commander
2025-01-22 21:10:07 - INFO - Fetching data from API: https://multiplayersessionlist.iondriver.com/api/1.0/sessions?game=bigboat:battlezone_combat_commander
2025-01-22 21:10:23 - INFO - Fetching data from API: https://multiplayersessionlist.iondriver.com/api/1.0/sessions?game=bigboat:battlezone_combat_commander
2025-01-22 21:10:39 - INFO - Fetching data from API: https://multiplayersessionlist.iondriver.com/api/1.0/sessions?game=bigboat:battlezone_combat_commander
2025-01-22 21:10:54 - INFO - Fetching data from API: https://multiplayersessionlist.iondriver.com/api/1.0/sessions?game=bigboat:battlezone_combat_commander
2025-01-22 21:11:10 - INFO - Fetching data from API: https://multiplayersessionlist.iondriver.com/api/1.0/sessions?game=bigboat:battlezone_combat_commander
2025-01-22 21:11:26 - INFO - Fetching data from API: https://multiplayersessionlist.iondriver.com/api/1.0/sessions?game=bigboat:battlezone_combat_commander
2025-01-22 21:11:41 - INFO - Fetching data from API: https://multiplayersessionlist.iondriver.com/api/1.0/sessions?game=bigboat:battlezone_combat_commander
2025-01-22 21:11:57 - INFO - Fetching data from API: https://multiplayersessionlist.iondriver.com/api/1.0/sessions?game=bigboat:battlezone_combat_commander
2025-01-22 21:12:13 - INFO - Fetching data from API: https://multiplayersessionlist.iondriver.com/api/1.0/sessions?game=bigboat:battlezone_combat_commander
2025-01-22 21:12:28 - INFO - Fetching data from API: https://multiplayersessionlist.iondriver.com/api/1.0/sessions?game=bigboat:battlezone_combat_commander
2025-01-22 21:12:44 - INFO - Fetching data from API: https://multiplayersessionlist.iondriver.com/api/1.0/sessions?game=bigboat:battlezone_combat_commander
2025-01-22 21:12:59 - INFO - Fetching data from API: https://multiplayersessionlist.iondriver.com/api/1.0/sessions?game=bigboat:battlezone_combat_commander
2025-01-22 21:13:15 - INFO - Fetching data from API: https://multiplayersessionlist.iondriver.com/api/1.0/sessions?game=bigboat:battlezone_combat_commander
2025-01-22 21:13:31 - INFO - Fetching data from API: https://multiplayersessionlist.iondriver.com/api/1.0/sessions?game=bigboat:battlezone_combat_commander
2025-01-22 21:13:47 - INFO - Fetching data from API: https://multiplayersessionlist.iondriver.com/api/1.0/sessions?game=bigboat:battlezone_combat_commander
2025-01-22 21:14:02 - INFO - Fetching data from API: https://multiplayersessionlist.iondriver.com/api/1.0/sessions?game=bigboat:battlezone_combat_commander
2025-01-22 21:14:18 - INFO - Fetching data from API: https://multiplayersessionlist.iondriver.com/api/1.0/sessions?game=bigboat:battlezone_combat_commander
2025-01-22 21:14:34 - INFO - Fetching data from API: https://multiplayersessionlist.iondriver.com/api/1.0/sessions?game=bigboat:battlezone_combat_commander
2025-01-22 21:14:49 - INFO - Fetching data from API: https://multiplayersessionlist.iondriver.com/api/1.0/sessions?game=bigboat:battlezone_combat_commander
2025-01-22 21:15:05 - INFO - Fetching data from API: https://multiplayersessionlist.iondriver.com/api/1.0/sessions?game=bigboat:battlezone_combat_commander
2025-01-22 21:15:20 - INFO - Fetching data from API: https://multiplayersessionlist.iondriver.com/api/1.0/sessions?game=bigboat:battlezone_combat_commander
2025-01-22 21:15:36 - INFO - Fetching data from API: https://multiplayersessionlist.iondriver.com/api/1.0/sessions?game=bigboat:battlezone_combat_commander
2025-01-22 21:15:52 - INFO - Fetching data from API: https://multiplayersessionlist.iondriver.com/api/1.0/sessions?game=bigboat:battlezone_combat_commander
2025-01-22 21:16:12 - INFO - Fetching data from API: https://multiplayersessionlist.iondriver.com/api/1.0/sessions?game=bigboat:battlezone_combat_commander
2025-01-22 21:16:42 - INFO - Fetching data from API: https://multiplayersessionlist.iondriver.com/api/1.0/sessions?game=bigboat:battlezone_combat_commander
2025-01-22 21:16:58 - INFO - Fetching data from API: https://multiplayersessionlist.iondriver.com/api/1.0/sessions?game=bigboat:battlezone_combat_commander
2025-01-22 21:17:14 - INFO - Fetching data from API: https://multiplayersessionlist.iondriver.com/api/1.0/sessions?game=bigboat:battlezone_combat_commander
2025-01-22 21:17:29 - INFO - Fetching data from API: https://multiplayersessionlist.iondriver.com/api/1.0/sessions?game=bigboat:battlezone_combat_commander
2025-01-22 21:17:45 - INFO - Fetching data from API: https://multiplayersessionlist.iondriver.com/api/1.0/sessions?game=bigboat:battlezone_combat_commander
2025-01-22 21:18:01 - INFO - Fetching data from API: https://multiplayersessionlist.iondriver.com/api/1.0/sessions?game=bigboat:battlezone_combat_commander
2025-01-22 21:18:16 - INFO - Fetching data from API: https://multiplayersessionlist.iondriver.com/api/1.0/sessions?game=bigboat:battlezone_combat_commander
2025-01-22 21:18:32 - INFO - Fetching data from API: https://multiplayersessionlist.iondriver.com/api/1.0/sessions?game=bigboat:battlezone_combat_commander
2025-01-22 21:18:48 - INFO - Fetching data from API: https://multiplayersessionlist.iondriver.com/api/1.0/sessions?game=bigboat:battlezone_combat_commander
2025-01-22 21:19:08 - INFO - Fetching data from API: https://multiplayersessionlist.iondriver.com/api/1.0/sessions?game=bigboat:battlezone_combat_commander
2025-01-22 21:19:23 - INFO - Fetching data from API: https://multiplayersessionlist.iondriver.com/api/1.0/sessions?game=bigboat:battlezone_combat_commander
2025-01-22 21:19:39 - INFO - Fetching data from API: https://multiplayersessionlist.iondriver.com/api/1.0/sessions?game=bigboat:battlezone_combat_commander
2025-01-22 21:19:55 - INFO - Fetching data from API: https://multiplayersessionlist.iondriver.com/api/1.0/sessions?game=bigboat:battlezone_combat_commander
2025-01-22 21:20:10 - INFO - Fetching data from API: https://multiplayersessionlist.iondriver.com/api/1.0/sessions?game=bigboat:battlezone_combat_commander
2025-01-22 21:20:26 - INFO - Fetching data from API: https://multiplayersessionlist.iondriver.com/api/1.0/sessions?game=bigboat:battlezone_combat_commander
2025-01-22 21:20:41 - INFO - Fetching data from API: https://multiplayersessionlist.iondriver.com/api/1.0/sessions?game=bigboat:battlezone_combat_commander
2025-01-22 21:20:57 - INFO - Fetching data from API: https://multiplayersessionlist.iondriver.com/api/1.0/sessions?game=bigboat:battlezone_combat_commander
2025-01-22 21:21:13 - INFO - Fetching data from API: https://multiplayersessionlist.iondriver.com/api/1.0/sessions?game=bigboat:battlezone_combat_commander
2025-01-22 21:21:32 - INFO - Fetching data from API: https://multiplayersessionlist.iondriver.com/api/1.0/sessions?game=bigboat:battlezone_combat_commander
2025-01-22 21:21:48 - INFO - Fetching data from API: https://multiplayersessionlist.iondriver.com/api/1.0/sessions?game=bigboat:battlezone_combat_commander
2025-01-22 21:22:04 - INFO - Fetching data from API: https://multiplayersessionlist.iondriver.com/api/1.0/sessions?game=bigboat:battlezone_combat_commander
2025-01-22 21:22:19 - INFO - Fetching data from API: https://multiplayersessionlist.iondriver.com/api/1.0/sessions?game=bigboat:battlezone_combat_commander
2025-01-22 21:22:36 - INFO - Fetching data from API: https://multiplayersessionlist.iondriver.com/api/1.0/sessions?game=bigboat:battlezone_combat_commander
2025-01-22 21:22:52 - INFO - Fetching data from API: https://multiplayersessionlist.iondriver.com/api/1.0/sessions?game=bigboat:battlezone_combat_commander
2025-01-22 21:23:08 - INFO - Fetching data from API: https://multiplayersessionlist.iondriver.com/api/1.0/sessions?game=bigboat:battlezone_combat_commander
2025-01-22 21:23:23 - INFO - Fetching data from API: https://multiplayersessionlist.iondriver.com/api/1.0/sessions?game=bigboat:battlezone_combat_commander
2025-01-22 21:23:39 - INFO - Fetching data from API: https://multiplayersessionlist.iondriver.com/api/1.0/sessions?game=bigboat:battlezone_combat_commander
2025-01-22 21:23:55 - INFO - Fetching data from API: https://multiplayersessionlist.iondriver.com/api/1.0/sessions?game=bigboat:battlezone_combat_commander
2025-01-22 21:24:10 - INFO - Fetching data from API: https://multiplayersessionlist.iondriver.com/api/1.0/sessions?game=bigboat:battlezone_combat_commander
2025-01-22 21:24:26 - INFO - Fetching data from API: https://multiplayersessionlist.iondriver.com/api/1.0/sessions?game=bigboat:battlezone_combat_commander
2025-01-22 21:24:42 - INFO - Fetching data from API: https://multiplayersessionlist.iondriver.com/api/1.0/sessions?game=bigboat:battlezone_combat_commander
2025-01-22 21:24:58 - INFO - Fetching data from API: https://multiplayersessionlist.iondriver.com/api/1.0/sessions?game=bigboat:battlezone_combat_commander
2025-01-22 21:25:14 - INFO - Fetching data from API: https://multiplayersessionlist.iondriver.com/api/1.0/sessions?game=bigboat:battlezone_combat_commander
2025-01-22 21:25:29 - INFO - Fetching data from API: https://multiplayersessionlist.iondriver.com/api/1.0/sessions?game=bigboat:battlezone_combat_commander
2025-01-22 21:25:45 - INFO - Fetching data from API: https://multiplayersessionlist.iondriver.com/api/1.0/sessions?game=bigboat:battlezone_combat_commander
2025-01-22 21:26:01 - INFO - Fetching data from API: https://multiplayersessionlist.iondriver.com/api/1.0/sessions?game=bigboat:battlezone_combat_commander
2025-01-22 21:26:16 - INFO - Fetching data from API: https://multiplayersessionlist.iondriver.com/api/1.0/sessions?game=bigboat:battlezone_combat_commander
2025-01-22 21:26:32 - INFO - Fetching data from API: https://multiplayersessionlist.iondriver.com/api/1.0/sessions?game=bigboat:battlezone_combat_commander
2025-01-22 21:26:48 - INFO - Fetching data from API: https://multiplayersessionlist.iondriver.com/api/1.0/sessions?game=bigboat:battlezone_combat_commander
2025-01-22 21:27:03 - INFO - Fetching data from API: https://multiplayersessionlist.iondriver.com/api/1.0/sessions?game=bigboat:battlezone_combat_commander
2025-01-22 21:27:19 - INFO - Fetching data from API: https://multiplayersessionlist.iondriver.com/api/1.0/sessions?game=bigboat:battlezone_combat_commander
2025-01-22 21:27:35 - INFO - Fetching data from API: https://multiplayersessionlist.iondriver.com/api/1.0/sessions?game=bigboat:battlezone_combat_commander
2025-01-22 21:27:50 - INFO - Fetching data from API: https://multiplayersessionlist.iondriver.com/api/1.0/sessions?game=bigboat:battlezone_combat_commander
2025-01-22 21:28:06 - INFO - Fetching data from API: https://multiplayersessionlist.iondriver.com/api/1.0/sessions?game=bigboat:battlezone_combat_commander
2025-01-22 21:28:25 - INFO - Fetching data from API: https://multiplayersessionlist.iondriver.com/api/1.0/sessions?game=bigboat:battlezone_combat_commander
2025-01-22 21:28:41 - INFO - Fetching data from API: https://multiplayersessionlist.iondriver.com/api/1.0/sessions?game=bigboat:battlezone_combat_commander
2025-01-22 21:28:57 - INFO - Fetching data from API: https://multiplayersessionlist.iondriver.com/api/1.0/sessions?game=bigboat:battlezone_combat_commander
2025-01-22 21:29:12 - INFO - Fetching data from API: https://multiplayersessionlist.iondriver.com/api/1.0/sessions?game=bigboat:battlezone_combat_commander
2025-01-22 21:29:28 - INFO - Fetching data from API: https://multiplayersessionlist.iondriver.com/api/1.0/sessions?game=bigboat:battlezone_combat_commander
2025-01-22 21:29:44 - INFO - Fetching data from API: https://multiplayersessionlist.iondriver.com/api/1.0/sessions?game=bigboat:battlezone_combat_commander
2025-01-22 21:29:59 - INFO - Fetching data from API: https://multiplayersessionlist.iondriver.com/api/1.0/sessions?game=bigboat:battlezone_combat_commander
2025-01-22 21:30:16 - INFO - Fetching data from API: https://multiplayersessionlist.iondriver.com/api/1.0/sessions?game=bigboat:battlezone_combat_commander
2025-01-22 21:30:32 - INFO - Fetching data from API: https://multiplayersessionlist.iondriver.com/api/1.0/sessions?game=bigboat:battlezone_combat_commander
2025-01-22 21:30:47 - INFO - Fetching data from API: https://multiplayersessionlist.iondriver.com/api/1.0/sessions?game=bigboat:battlezone_combat_commander
2025-01-22 21:31:03 - INFO - Fetching data from API: https://multiplayersessionlist.iondriver.com/api/1.0/sessions?game=bigboat:battlezone_combat_commander
2025-01-22 21:31:19 - INFO - Fetching data from API: https://multiplayersessionlist.iondriver.com/api/1.0/sessions?game=bigboat:battlezone_combat_commander
2025-01-22 21:31:34 - INFO - Fetching data from API: https://multiplayersessionlist.iondriver.com/api/1.0/sessions?game=bigboat:battlezone_combat_commander
2025-01-22 21:31:50 - INFO - Fetching data from API: https://multiplayersessionlist.iondriver.com/api/1.0/sessions?game=bigboat:battlezone_combat_commander
2025-01-22 21:32:06 - INFO - Fetching data from API: https://multiplayersessionlist.iondriver.com/api/1.0/sessions?game=bigboat:battlezone_combat_commander
2025-01-22 21:32:25 - INFO - Fetching data from API: https://multiplayersessionlist.iondriver.com/api/1.0/sessions?game=bigboat:battlezone_combat_commander
2025-01-22 21:32:41 - INFO - Fetching data from API: https://multiplayersessionlist.iondriver.com/api/1.0/sessions?game=bigboat:battlezone_combat_commander
2025-01-22 21:32:57 - INFO - Fetching data from API: https://multiplayersessionlist.iondriver.com/api/1.0/sessions?game=bigboat:battlezone_combat_commander
2025-01-22 21:33:16 - INFO - Fetching data from API: https://multiplayersessionlist.iondriver.com/api/1.0/sessions?game=bigboat:battlezone_combat_commander
2025-01-22 21:33:32 - INFO - Fetching data from API: https://multiplayersessionlist.iondriver.com/api/1.0/sessions?game=bigboat:battlezone_combat_commander
2025-01-22 21:33:47 - INFO - Fetching data from API: https://multiplayersessionlist.iondriver.com/api/1.0/sessions?game=bigboat:battlezone_combat_commander
2025-01-22 21:34:06 - INFO - Fetching data from API: https://multiplayersessionlist.iondriver.com/api/1.0/sessions?game=bigboat:battlezone_combat_commander
2025-01-22 21:34:21 - INFO - Fetching data from API: https://multiplayersessionlist.iondriver.com/api/1.0/sessions?game=bigboat:battlezone_combat_commander
2025-01-22 21:34:37 - INFO - Fetching data from API: https://multiplayersessionlist.iondriver.com/api/1.0/sessions?game=bigboat:battlezone_combat_commander
2025-01-22 21:34:53 - INFO - Fetching data from API: https://multiplayersessionlist.iondriver.com/api/1.0/sessions?game=bigboat:battlezone_combat_commander
2025-01-22 21:35:08 - INFO - Fetching data from API: https://multiplayersessionlist.iondriver.com/api/1.0/sessions?game=bigboat:battlezone_combat_commander
2025-01-22 21:35:24 - INFO - Fetching data from API: https://multiplayersessionlist.iondriver.com/api/1.0/sessions?game=bigboat:battlezone_combat_commander
2025-01-22 21:35:41 - INFO - Fetching data from API: https://multiplayersessionlist.iondriver.com/api/1.0/sessions?game=bigboat:battlezone_combat_commander
2025-01-22 21:35:57 - INFO - Fetching data from API: https://multiplayersessionlist.iondriver.com/api/1.0/sessions?game=bigboat:battlezone_combat_commander
2025-01-22 21:36:12 - INFO - Fetching data from API: https://multiplayersessionlist.iondriver.com/api/1.0/sessions?game=bigboat:battlezone_combat_commander
2025-01-22 21:36:28 - INFO - Fetching data from API: https://multiplayersessionlist.iondriver.com/api/1.0/sessions?game=bigboat:battlezone_combat_commander
2025-01-22 21:36:44 - INFO - Fetching data from API: https://multiplayersessionlist.iondriver.com/api/1.0/sessions?game=bigboat:battlezone_combat_commander
2025-01-22 21:36:59 - INFO - Fetching data from API: https://multiplayersessionlist.iondriver.com/api/1.0/sessions?game=bigboat:battlezone_combat_commander
2025-01-22 21:37:15 - INFO - Fetching data from API: https://multiplayersessionlist.iondriver.com/api/1.0/sessions?game=bigboat:battlezone_combat_commander
2025-01-22 21:37:31 - INFO - Fetching data from API: https://multiplayersessionlist.iondriver.com/api/1.0/sessions?game=bigboat:battlezone_combat_commander
2025-01-22 21:37:58 - INFO - Fetching data from API: https://multiplayersessionlist.iondriver.com/api/1.0/sessions?game=bigboat:battlezone_combat_commander
2025-01-22 21:38:14 - INFO - Fetching data from API: https://multiplayersessionlist.iondriver.com/api/1.0/sessions?game=bigboat:battlezone_combat_commander
2025-01-22 21:38:30 - INFO - Fetching data from API: https://multiplayersessionlist.iondriver.com/api/1.0/sessions?game=bigboat:battlezone_combat_commander
2025-01-22 21:38:46 - INFO - Fetching data from API: https://multiplayersessionlist.iondriver.com/api/1.0/sessions?game=bigboat:battlezone_combat_commander
2025-01-22 21:39:01 - INFO - Fetching data from API: https://multiplayersessionlist.iondriver.com/api/1.0/sessions?game=bigboat:battlezone_combat_commander
2025-01-22 21:39:17 - INFO - Fetching data from API: https://multiplayersessionlist.iondriver.com/api/1.0/sessions?game=bigboat:battlezone_combat_commander
2025-01-22 21:39:33 - INFO - Fetching data from API: https://multiplayersessionlist.iondriver.com/api/1.0/sessions?game=bigboat:battlezone_combat_commander
2025-01-22 21:39:49 - INFO - Fetching data from API: https://multiplayersessionlist.iondriver.com/api/1.0/sessions?game=bigboat:battlezone_combat_commander
2025-01-22 21:40:05 - INFO - Fetching data from API: https://multiplayersessionlist.iondriver.com/api/1.0/sessions?game=bigboat:battlezone_combat_commander
2025-01-22 21:40:20 - INFO - Fetching data from API: https://multiplayersessionlist.iondriver.com/api/1.0/sessions?game=bigboat:battlezone_combat_commander
2025-01-22 21:40:36 - INFO - Fetching data from API: https://multiplayersessionlist.iondriver.com/api/1.0/sessions?game=bigboat:battlezone_combat_commander
2025-01-22 21:40:52 - INFO - Fetching data from API: https://multiplayersessionlist.iondriver.com/api/1.0/sessions?game=bigboat:battlezone_combat_commander
2025-01-22 21:41:08 - INFO - Fetching data from API: https://multiplayersessionlist.iondriver.com/api/1.0/sessions?game=bigboat:battlezone_combat_commander
2025-01-22 21:41:23 - INFO - Fetching data from API: https://multiplayersessionlist.iondriver.com/api/1.0/sessions?game=bigboat:battlezone_combat_commander
2025-01-22 21:41:39 - INFO - Fetching data from API: https://multiplayersessionlist.iondriver.com/api/1.0/sessions?game=bigboat:battlezone_combat_commander
2025-01-22 21:43:34 - INFO - Bot started - checking every 15 seconds
2025-01-22 21:43:34 - INFO - Press Ctrl+C to stop
2025-01-22 21:43:34 - INFO - Fetching data from API: https://multiplayersessionlist.iondriver.com/api/1.0/sessions?game=bigboat:battlezone_combat_commander
2025-01-22 21:43:50 - INFO - Fetching data from API: https://multiplayersessionlist.iondriver.com/api/1.0/sessions?game=bigboat:battlezone_combat_commander
2025-01-22 21:44:06 - INFO - Fetching data from API: https://multiplayersessionlist.iondriver.com/api/1.0/sessions?game=bigboat:battlezone_combat_commander
2025-01-22 21:44:21 - INFO - Fetching data from API: https://multiplayersessionlist.iondriver.com/api/1.0/sessions?game=bigboat:battlezone_combat_commander
2025-01-22 21:44:39 - INFO - Fetching data from API: https://multiplayersessionlist.iondriver.com/api/1.0/sessions?game=bigboat:battlezone_combat_commander
2025-01-22 21:44:39 - INFO - Bot started - checking every 15 seconds
2025-01-22 21:44:39 - INFO - Press Ctrl+C to stop
2025-01-22 21:44:39 - INFO - Fetching data from API: https://multiplayersessionlist.iondriver.com/api/1.0/sessions?game=bigboat:battlezone_combat_commander
2025-01-22 21:44:45 - INFO - Bot started - checking every 15 seconds
2025-01-22 21:44:45 - INFO - Press Ctrl+C to stop
2025-01-22 21:44:45 - INFO - Fetching data from API: https://multiplayersessionlist.iondriver.com/api/1.0/sessions?game=bigboat:battlezone_combat_commander
2025-01-22 21:45:01 - INFO - Fetching data from API: https://multiplayersessionlist.iondriver.com/api/1.0/sessions?game=bigboat:battlezone_combat_commander
2025-01-22 21:45:17 - INFO - Fetching data from API: https://multiplayersessionlist.iondriver.com/api/1.0/sessions?game=bigboat:battlezone_combat_commander
2025-01-22 21:45:33 - INFO - Fetching data from API: https://multiplayersessionlist.iondriver.com/api/1.0/sessions?game=bigboat:battlezone_combat_commander
2025-01-22 21:45:49 - INFO - Fetching data from API: https://multiplayersessionlist.iondriver.com/api/1.0/sessions?game=bigboat:battlezone_combat_commander
2025-01-22 21:46:04 - INFO - Fetching data from API: https://multiplayersessionlist.iondriver.com/api/1.0/sessions?game=bigboat:battlezone_combat_commander
2025-01-22 21:46:20 - INFO - Fetching data from API: https://multiplayersessionlist.iondriver.com/api/1.0/sessions?game=bigboat:battlezone_combat_commander
2025-01-22 21:46:36 - INFO - Fetching data from API: https://multiplayersessionlist.iondriver.com/api/1.0/sessions?game=bigboat:battlezone_combat_commander
2025-01-22 21:46:52 - INFO - Fetching data from API: https://multiplayersessionlist.iondriver.com/api/1.0/sessions?game=bigboat:battlezone_combat_commander
2025-01-22 21:47:08 - INFO - Fetching data from API: https://multiplayersessionlist.iondriver.com/api/1.0/sessions?game=bigboat:battlezone_combat_commander
2025-01-22 21:47:24 - INFO - Fetching data from API: https://multiplayersessionlist.iondriver.com/api/1.0/sessions?game=bigboat:battlezone_combat_commander
2025-01-22 21:47:39 - INFO - Fetching data from API: https://multiplayersessionlist.iondriver.com/api/1.0/sessions?game=bigboat:battlezone_combat_commander
2025-01-22 21:47:55 - INFO - Fetching data from API: https://multiplayersessionlist.iondriver.com/api/1.0/sessions?game=bigboat:battlezone_combat_commander
2025-01-22 21:48:10 - INFO - Fetching data from API: https://multiplayersessionlist.iondriver.com/api/1.0/sessions?game=bigboat:battlezone_combat_commander
2025-01-22 21:48:26 - INFO - Fetching data from API: https://multiplayersessionlist.iondriver.com/api/1.0/sessions?game=bigboat:battlezone_combat_commander
2025-01-22 21:48:42 - INFO - Fetching data from API: https://multiplayersessionlist.iondriver.com/api/1.0/sessions?game=bigboat:battlezone_combat_commander
2025-01-22 21:48:57 - INFO - Fetching data from API: https://multiplayersessionlist.iondriver.com/api/1.0/sessions?game=bigboat:battlezone_combat_commander
2025-01-22 21:49:13 - INFO - Fetching data from API: https://multiplayersessionlist.iondriver.com/api/1.0/sessions?game=bigboat:battlezone_combat_commander
2025-01-22 21:49:29 - INFO - Fetching data from API: https://multiplayersessionlist.iondriver.com/api/1.0/sessions?game=bigboat:battlezone_combat_commander
2025-01-22 21:49:44 - INFO - Fetching data from API: https://multiplayersessionlist.iondriver.com/api/1.0/sessions?game=bigboat:battlezone_combat_commander
2025-01-22 21:50:00 - INFO - Fetching data from API: https://multiplayersessionlist.iondriver.com/api/1.0/sessions?game=bigboat:battlezone_combat_commander
2025-01-22 21:50:15 - INFO - Fetching data from API: https://multiplayersessionlist.iondriver.com/api/1.0/sessions?game=bigboat:battlezone_combat_commander
