2025-01-22 20:47:17 - INFO - Bot started - checking every 15 seconds
2025-01-22 20:47:17 - INFO - Press Ctrl+C to stop
2025-01-22 20:47:17 - ERROR - Error checking sessions: 'BZBot' object has no attribute 'logger'
Traceback (most recent call last):
  File "C:\Users\dhira\OneDrive\Documents\GitHub\bz-bot\main.py", line 110, in fetch_api_data
    self.logger.info(f"Fetching data from API: {config.API_URL}")
    ^^^^^^^^^^^
AttributeError: 'BZBot' object has no attribute 'logger'

During handling of the above exception, another exception occurred:

Traceback (most recent call last):
  File "C:\Users\dhira\OneDrive\Documents\GitHub\bz-bot\main.py", line 610, in check_sessions
    api_response = await self.fetch_api_data()
                   ^^^^^^^^^^^^^^^^^^^^^^^^^^^
  File "C:\Users\dhira\OneDrive\Documents\GitHub\bz-bot\main.py", line 124, in fetch_api_data
    self.logger.error(f"Unexpected error during API request: {str(e)}")
    ^^^^^^^^^^^
AttributeError: 'BZBot' object has no attribute 'logger'
2025-01-22 20:47:19 - INFO - Bot started - checking every 15 seconds
2025-01-22 20:47:19 - INFO - Press Ctrl+C to stop
2025-01-22 20:47:19 - ERROR - Error checking sessions: 'BZBot' object has no attribute 'logger'
Traceback (most recent call last):
  File "C:\Users\dhira\OneDrive\Documents\GitHub\bz-bot\main.py", line 110, in fetch_api_data
    self.logger.info(f"Fetching data from API: {config.API_URL}")
    ^^^^^^^^^^^
AttributeError: 'BZBot' object has no attribute 'logger'

During handling of the above exception, another exception occurred:

Traceback (most recent call last):
  File "C:\Users\dhira\OneDrive\Documents\GitHub\bz-bot\main.py", line 610, in check_sessions
    api_response = await self.fetch_api_data()
                   ^^^^^^^^^^^^^^^^^^^^^^^^^^^
  File "C:\Users\dhira\OneDrive\Documents\GitHub\bz-bot\main.py", line 124, in fetch_api_data
    self.logger.error(f"Unexpected error during API request: {str(e)}")
    ^^^^^^^^^^^
AttributeError: 'BZBot' object has no attribute 'logger'
2025-01-22 20:47:34 - ERROR - Error checking sessions: 'BZBot' object has no attribute 'logger'
Traceback (most recent call last):
  File "C:\Users\dhira\OneDrive\Documents\GitHub\bz-bot\main.py", line 110, in fetch_api_data
    self.logger.info(f"Fetching data from API: {config.API_URL}")
    ^^^^^^^^^^^
AttributeError: 'BZBot' object has no attribute 'logger'

During handling of the above exception, another exception occurred:

Traceback (most recent call last):
  File "C:\Users\dhira\OneDrive\Documents\GitHub\bz-bot\main.py", line 610, in check_sessions
    api_response = await self.fetch_api_data()
                   ^^^^^^^^^^^^^^^^^^^^^^^^^^^
  File "C:\Users\dhira\OneDrive\Documents\GitHub\bz-bot\main.py", line 124, in fetch_api_data
    self.logger.error(f"Unexpected error during API request: {str(e)}")
    ^^^^^^^^^^^
AttributeError: 'BZBot' object has no attribute 'logger'
2025-01-22 20:47:50 - ERROR - Error checking sessions: 'BZBot' object has no attribute 'logger'
Traceback (most recent call last):
  File "C:\Users\dhira\OneDrive\Documents\GitHub\bz-bot\main.py", line 110, in fetch_api_data
    self.logger.info(f"Fetching data from API: {config.API_URL}")
    ^^^^^^^^^^^
AttributeError: 'BZBot' object has no attribute 'logger'

During handling of the above exception, another exception occurred:

Traceback (most recent call last):
  File "C:\Users\dhira\OneDrive\Documents\GitHub\bz-bot\main.py", line 610, in check_sessions
    api_response = await self.fetch_api_data()
                   ^^^^^^^^^^^^^^^^^^^^^^^^^^^
  File "C:\Users\dhira\OneDrive\Documents\GitHub\bz-bot\main.py", line 124, in fetch_api_data
    self.logger.error(f"Unexpected error during API request: {str(e)}")
    ^^^^^^^^^^^
AttributeError: 'BZBot' object has no attribute 'logger'
2025-01-22 20:48:05 - ERROR - Error checking sessions: 'BZBot' object has no attribute 'logger'
Traceback (most recent call last):
  File "C:\Users\dhira\OneDrive\Documents\GitHub\bz-bot\main.py", line 110, in fetch_api_data
    self.logger.info(f"Fetching data from API: {config.API_URL}")
    ^^^^^^^^^^^
AttributeError: 'BZBot' object has no attribute 'logger'

During handling of the above exception, another exception occurred:

Traceback (most recent call last):
  File "C:\Users\dhira\OneDrive\Documents\GitHub\bz-bot\main.py", line 610, in check_sessions
    api_response = await self.fetch_api_data()
                   ^^^^^^^^^^^^^^^^^^^^^^^^^^^
  File "C:\Users\dhira\OneDrive\Documents\GitHub\bz-bot\main.py", line 124, in fetch_api_data
    self.logger.error(f"Unexpected error during API request: {str(e)}")
    ^^^^^^^^^^^
AttributeError: 'BZBot' object has no attribute 'logger'
2025-01-22 20:48:20 - ERROR - Error checking sessions: 'BZBot' object has no attribute 'logger'
Traceback (most recent call last):
  File "C:\Users\dhira\OneDrive\Documents\GitHub\bz-bot\main.py", line 110, in fetch_api_data
    self.logger.info(f"Fetching data from API: {config.API_URL}")
    ^^^^^^^^^^^
AttributeError: 'BZBot' object has no attribute 'logger'

During handling of the above exception, another exception occurred:

Traceback (most recent call last):
  File "C:\Users\dhira\OneDrive\Documents\GitHub\bz-bot\main.py", line 610, in check_sessions
    api_response = await self.fetch_api_data()
                   ^^^^^^^^^^^^^^^^^^^^^^^^^^^
  File "C:\Users\dhira\OneDrive\Documents\GitHub\bz-bot\main.py", line 124, in fetch_api_data
    self.logger.error(f"Unexpected error during API request: {str(e)}")
    ^^^^^^^^^^^
AttributeError: 'BZBot' object has no attribute 'logger'
2025-01-22 20:48:35 - ERROR - Error checking sessions: 'BZBot' object has no attribute 'logger'
Traceback (most recent call last):
  File "C:\Users\dhira\OneDrive\Documents\GitHub\bz-bot\main.py", line 110, in fetch_api_data
    self.logger.info(f"Fetching data from API: {config.API_URL}")
    ^^^^^^^^^^^
AttributeError: 'BZBot' object has no attribute 'logger'

During handling of the above exception, another exception occurred:

Traceback (most recent call last):
  File "C:\Users\dhira\OneDrive\Documents\GitHub\bz-bot\main.py", line 610, in check_sessions
    api_response = await self.fetch_api_data()
                   ^^^^^^^^^^^^^^^^^^^^^^^^^^^
  File "C:\Users\dhira\OneDrive\Documents\GitHub\bz-bot\main.py", line 124, in fetch_api_data
    self.logger.error(f"Unexpected error during API request: {str(e)}")
    ^^^^^^^^^^^
AttributeError: 'BZBot' object has no attribute 'logger'
2025-01-22 20:48:50 - ERROR - Error checking sessions: 'BZBot' object has no attribute 'logger'
Traceback (most recent call last):
  File "C:\Users\dhira\OneDrive\Documents\GitHub\bz-bot\main.py", line 110, in fetch_api_data
    self.logger.info(f"Fetching data from API: {config.API_URL}")
    ^^^^^^^^^^^
AttributeError: 'BZBot' object has no attribute 'logger'

During handling of the above exception, another exception occurred:

Traceback (most recent call last):
  File "C:\Users\dhira\OneDrive\Documents\GitHub\bz-bot\main.py", line 610, in check_sessions
    api_response = await self.fetch_api_data()
                   ^^^^^^^^^^^^^^^^^^^^^^^^^^^
  File "C:\Users\dhira\OneDrive\Documents\GitHub\bz-bot\main.py", line 124, in fetch_api_data
    self.logger.error(f"Unexpected error during API request: {str(e)}")
    ^^^^^^^^^^^
AttributeError: 'BZBot' object has no attribute 'logger'
2025-01-22 20:48:50 - INFO - Bot started - checking every 15 seconds
2025-01-22 20:48:50 - INFO - Press Ctrl+C to stop
2025-01-22 20:48:50 - ERROR - Error checking sessions: 'BZBot' object has no attribute 'logger'
Traceback (most recent call last):
  File "C:\Users\dhira\OneDrive\Documents\GitHub\bz-bot\main.py", line 113, in fetch_api_data
    self.logger.info(f"Fetching data from API: {config.API_URL}")
    ^^^^^^^^^^^
AttributeError: 'BZBot' object has no attribute 'logger'

During handling of the above exception, another exception occurred:

Traceback (most recent call last):
  File "C:\Users\dhira\OneDrive\Documents\GitHub\bz-bot\main.py", line 613, in check_sessions
    api_response = await self.fetch_api_data()
                   ^^^^^^^^^^^^^^^^^^^^^^^^^^^
  File "C:\Users\dhira\OneDrive\Documents\GitHub\bz-bot\main.py", line 127, in fetch_api_data
    self.logger.error(f"Unexpected error during API request: {str(e)}")
    ^^^^^^^^^^^
AttributeError: 'BZBot' object has no attribute 'logger'
2025-01-22 20:48:52 - INFO - Bot started - checking every 15 seconds
2025-01-22 20:48:52 - INFO - Press Ctrl+C to stop
2025-01-22 20:48:52 - ERROR - Error checking sessions: 'BZBot' object has no attribute 'logger'
Traceback (most recent call last):
  File "C:\Users\dhira\OneDrive\Documents\GitHub\bz-bot\main.py", line 113, in fetch_api_data
    self.logger.info(f"Fetching data from API: {config.API_URL}")
    ^^^^^^^^^^^
AttributeError: 'BZBot' object has no attribute 'logger'

During handling of the above exception, another exception occurred:

Traceback (most recent call last):
  File "C:\Users\dhira\OneDrive\Documents\GitHub\bz-bot\main.py", line 613, in check_sessions
    api_response = await self.fetch_api_data()
                   ^^^^^^^^^^^^^^^^^^^^^^^^^^^
  File "C:\Users\dhira\OneDrive\Documents\GitHub\bz-bot\main.py", line 127, in fetch_api_data
    self.logger.error(f"Unexpected error during API request: {str(e)}")
    ^^^^^^^^^^^
AttributeError: 'BZBot' object has no attribute 'logger'
2025-01-22 20:49:07 - ERROR - Error checking sessions: 'BZBot' object has no attribute 'logger'
Traceback (most recent call last):
  File "C:\Users\dhira\OneDrive\Documents\GitHub\bz-bot\main.py", line 113, in fetch_api_data
    self.logger.info(f"Fetching data from API: {config.API_URL}")
    ^^^^^^^^^^^
AttributeError: 'BZBot' object has no attribute 'logger'

During handling of the above exception, another exception occurred:

Traceback (most recent call last):
  File "C:\Users\dhira\OneDrive\Documents\GitHub\bz-bot\main.py", line 613, in check_sessions
    api_response = await self.fetch_api_data()
                   ^^^^^^^^^^^^^^^^^^^^^^^^^^^
  File "C:\Users\dhira\OneDrive\Documents\GitHub\bz-bot\main.py", line 127, in fetch_api_data
    self.logger.error(f"Unexpected error during API request: {str(e)}")
    ^^^^^^^^^^^
AttributeError: 'BZBot' object has no attribute 'logger'
2025-01-22 20:49:22 - ERROR - Error checking sessions: 'BZBot' object has no attribute 'logger'
Traceback (most recent call last):
  File "C:\Users\dhira\OneDrive\Documents\GitHub\bz-bot\main.py", line 113, in fetch_api_data
    self.logger.info(f"Fetching data from API: {config.API_URL}")
    ^^^^^^^^^^^
AttributeError: 'BZBot' object has no attribute 'logger'

During handling of the above exception, another exception occurred:

Traceback (most recent call last):
  File "C:\Users\dhira\OneDrive\Documents\GitHub\bz-bot\main.py", line 613, in check_sessions
    api_response = await self.fetch_api_data()
                   ^^^^^^^^^^^^^^^^^^^^^^^^^^^
  File "C:\Users\dhira\OneDrive\Documents\GitHub\bz-bot\main.py", line 127, in fetch_api_data
    self.logger.error(f"Unexpected error during API request: {str(e)}")
    ^^^^^^^^^^^
AttributeError: 'BZBot' object has no attribute 'logger'
2025-01-22 20:49:52 - INFO - Bot started - checking every 15 seconds
2025-01-22 20:49:52 - INFO - Press Ctrl+C to stop
2025-01-22 20:49:52 - INFO - Fetching data from API: https://multiplayersessionlist.iondriver.com/api/1.0/sessions?game=bigboat:battlezone_combat_commander
2025-01-22 20:50:07 - INFO - Fetching data from API: https://multiplayersessionlist.iondriver.com/api/1.0/sessions?game=bigboat:battlezone_combat_commander
2025-01-22 20:50:23 - INFO - Fetching data from API: https://multiplayersessionlist.iondriver.com/api/1.0/sessions?game=bigboat:battlezone_combat_commander
2025-01-22 20:50:38 - INFO - Fetching data from API: https://multiplayersessionlist.iondriver.com/api/1.0/sessions?game=bigboat:battlezone_combat_commander
2025-01-22 20:50:54 - INFO - Fetching data from API: https://multiplayersessionlist.iondriver.com/api/1.0/sessions?game=bigboat:battlezone_combat_commander
2025-01-22 20:51:10 - INFO - Fetching data from API: https://multiplayersessionlist.iondriver.com/api/1.0/sessions?game=bigboat:battlezone_combat_commander
2025-01-22 20:51:25 - INFO - Fetching data from API: https://multiplayersessionlist.iondriver.com/api/1.0/sessions?game=bigboat:battlezone_combat_commander
2025-01-22 20:51:41 - INFO - Fetching data from API: https://multiplayersessionlist.iondriver.com/api/1.0/sessions?game=bigboat:battlezone_combat_commander
2025-01-22 20:51:57 - INFO - Fetching data from API: https://multiplayersessionlist.iondriver.com/api/1.0/sessions?game=bigboat:battlezone_combat_commander
2025-01-22 20:52:12 - INFO - Fetching data from API: https://multiplayersessionlist.iondriver.com/api/1.0/sessions?game=bigboat:battlezone_combat_commander
2025-01-22 20:52:28 - INFO - Fetching data from API: https://multiplayersessionlist.iondriver.com/api/1.0/sessions?game=bigboat:battlezone_combat_commander
2025-01-22 20:52:44 - INFO - Fetching data from API: https://multiplayersessionlist.iondriver.com/api/1.0/sessions?game=bigboat:battlezone_combat_commander
2025-01-22 20:52:59 - INFO - Fetching data from API: https://multiplayersessionlist.iondriver.com/api/1.0/sessions?game=bigboat:battlezone_combat_commander
2025-01-22 20:53:15 - INFO - Fetching data from API: https://multiplayersessionlist.iondriver.com/api/1.0/sessions?game=bigboat:battlezone_combat_commander
2025-01-22 20:53:31 - INFO - Fetching data from API: https://multiplayersessionlist.iondriver.com/api/1.0/sessions?game=bigboat:battlezone_combat_commander
2025-01-22 20:53:46 - INFO - Fetching data from API: https://multiplayersessionlist.iondriver.com/api/1.0/sessions?game=bigboat:battlezone_combat_commander
2025-01-22 20:54:02 - INFO - Fetching data from API: https://multiplayersessionlist.iondriver.com/api/1.0/sessions?game=bigboat:battlezone_combat_commander
2025-01-22 20:54:18 - INFO - Fetching data from API: https://multiplayersessionlist.iondriver.com/api/1.0/sessions?game=bigboat:battlezone_combat_commander
2025-01-22 20:54:33 - INFO - Fetching data from API: https://multiplayersessionlist.iondriver.com/api/1.0/sessions?game=bigboat:battlezone_combat_commander
2025-01-22 20:54:49 - INFO - Fetching data from API: https://multiplayersessionlist.iondriver.com/api/1.0/sessions?game=bigboat:battlezone_combat_commander
2025-01-22 20:55:05 - INFO - Fetching data from API: https://multiplayersessionlist.iondriver.com/api/1.0/sessions?game=bigboat:battlezone_combat_commander
2025-01-22 20:55:21 - INFO - Fetching data from API: https://multiplayersessionlist.iondriver.com/api/1.0/sessions?game=bigboat:battlezone_combat_commander
2025-01-22 20:55:36 - INFO - Fetching data from API: https://multiplayersessionlist.iondriver.com/api/1.0/sessions?game=bigboat:battlezone_combat_commander
2025-01-22 20:55:52 - INFO - Fetching data from API: https://multiplayersessionlist.iondriver.com/api/1.0/sessions?game=bigboat:battlezone_combat_commander
2025-01-22 20:56:08 - INFO - Fetching data from API: https://multiplayersessionlist.iondriver.com/api/1.0/sessions?game=bigboat:battlezone_combat_commander
2025-01-22 20:56:24 - INFO - Fetching data from API: https://multiplayersessionlist.iondriver.com/api/1.0/sessions?game=bigboat:battlezone_combat_commander
2025-01-22 20:56:40 - INFO - Fetching data from API: https://multiplayersessionlist.iondriver.com/api/1.0/sessions?game=bigboat:battlezone_combat_commander
2025-01-22 20:56:55 - INFO - Fetching data from API: https://multiplayersessionlist.iondriver.com/api/1.0/sessions?game=bigboat:battlezone_combat_commander
2025-01-22 20:57:12 - INFO - Fetching data from API: https://multiplayersessionlist.iondriver.com/api/1.0/sessions?game=bigboat:battlezone_combat_commander
2025-01-22 20:57:28 - INFO - Fetching data from API: https://multiplayersessionlist.iondriver.com/api/1.0/sessions?game=bigboat:battlezone_combat_commander
2025-01-22 20:57:43 - INFO - Fetching data from API: https://multiplayersessionlist.iondriver.com/api/1.0/sessions?game=bigboat:battlezone_combat_commander
2025-01-22 20:57:59 - INFO - Fetching data from API: https://multiplayersessionlist.iondriver.com/api/1.0/sessions?game=bigboat:battlezone_combat_commander
2025-01-22 20:58:15 - INFO - Fetching data from API: https://multiplayersessionlist.iondriver.com/api/1.0/sessions?game=bigboat:battlezone_combat_commander
2025-01-22 20:58:30 - INFO - Fetching data from API: https://multiplayersessionlist.iondriver.com/api/1.0/sessions?game=bigboat:battlezone_combat_commander
2025-01-22 20:58:46 - INFO - Fetching data from API: https://multiplayersessionlist.iondriver.com/api/1.0/sessions?game=bigboat:battlezone_combat_commander
2025-01-22 20:59:02 - INFO - Fetching data from API: https://multiplayersessionlist.iondriver.com/api/1.0/sessions?game=bigboat:battlezone_combat_commander
2025-01-22 20:59:17 - INFO - Fetching data from API: https://multiplayersessionlist.iondriver.com/api/1.0/sessions?game=bigboat:battlezone_combat_commander
2025-01-22 20:59:35 - INFO - Fetching data from API: https://multiplayersessionlist.iondriver.com/api/1.0/sessions?game=bigboat:battlezone_combat_commander
2025-01-22 20:59:50 - INFO - Fetching data from API: https://multiplayersessionlist.iondriver.com/api/1.0/sessions?game=bigboat:battlezone_combat_commander
2025-01-22 21:00:06 - INFO - Fetching data from API: https://multiplayersessionlist.iondriver.com/api/1.0/sessions?game=bigboat:battlezone_combat_commander
2025-01-22 21:00:22 - INFO - Fetching data from API: https://multiplayersessionlist.iondriver.com/api/1.0/sessions?game=bigboat:battlezone_combat_commander
2025-01-22 21:00:38 - INFO - Fetching data from API: https://multiplayersessionlist.iondriver.com/api/1.0/sessions?game=bigboat:battlezone_combat_commander
2025-01-22 21:00:54 - INFO - Fetching data from API: https://multiplayersessionlist.iondriver.com/api/1.0/sessions?game=bigboat:battlezone_combat_commander
2025-01-22 21:01:10 - INFO - Fetching data from API: https://multiplayersessionlist.iondriver.com/api/1.0/sessions?game=bigboat:battlezone_combat_commander
2025-01-22 21:01:29 - INFO - Fetching data from API: https://multiplayersessionlist.iondriver.com/api/1.0/sessions?game=bigboat:battlezone_combat_commander
2025-01-22 21:01:44 - INFO - Fetching data from API: https://multiplayersessionlist.iondriver.com/api/1.0/sessions?game=bigboat:battlezone_combat_commander
2025-01-22 21:02:00 - INFO - Fetching data from API: https://multiplayersessionlist.iondriver.com/api/1.0/sessions?game=bigboat:battlezone_combat_commander
2025-01-22 21:02:15 - INFO - Fetching data from API: https://multiplayersessionlist.iondriver.com/api/1.0/sessions?game=bigboat:battlezone_combat_commander
2025-01-22 21:02:19 - INFO - Bot started - checking every 15 seconds
2025-01-22 21:02:19 - INFO - Press Ctrl+C to stop
2025-01-22 21:02:19 - INFO - Fetching data from API: https://multiplayersessionlist.iondriver.com/api/1.0/sessions?game=bigboat:battlezone_combat_commander
2025-01-22 21:02:35 - INFO - Fetching data from API: https://multiplayersessionlist.iondriver.com/api/1.0/sessions?game=bigboat:battlezone_combat_commander
2025-01-22 21:02:51 - INFO - Fetching data from API: https://multiplayersessionlist.iondriver.com/api/1.0/sessions?game=bigboat:battlezone_combat_commander
2025-01-22 21:03:06 - INFO - Fetching data from API: https://multiplayersessionlist.iondriver.com/api/1.0/sessions?game=bigboat:battlezone_combat_commander
2025-01-22 21:03:22 - INFO - Fetching data from API: https://multiplayersessionlist.iondriver.com/api/1.0/sessions?game=bigboat:battlezone_combat_commander
2025-01-22 21:03:38 - INFO - Fetching data from API: https://multiplayersessionlist.iondriver.com/api/1.0/sessions?game=bigboat:battlezone_combat_commander
2025-01-22 21:03:54 - INFO - Fetching data from API: https://multiplayersessionlist.iondriver.com/api/1.0/sessions?game=bigboat:battlezone_combat_commander
2025-01-22 21:04:12 - INFO - Fetching data from API: https://multiplayersessionlist.iondriver.com/api/1.0/sessions?game=bigboat:battlezone_combat_commander
2025-01-22 21:04:28 - INFO - Fetching data from API: https://multiplayersessionlist.iondriver.com/api/1.0/sessions?game=bigboat:battlezone_combat_commander
2025-01-22 21:04:43 - INFO - Fetching data from API: https://multiplayersessionlist.iondriver.com/api/1.0/sessions?game=bigboat:battlezone_combat_commander
2025-01-22 21:04:59 - INFO - Fetching data from API: https://multiplayersessionlist.iondriver.com/api/1.0/sessions?game=bigboat:battlezone_combat_commander
2025-01-22 21:05:16 - INFO - Fetching data from API: https://multiplayersessionlist.iondriver.com/api/1.0/sessions?game=bigboat:battlezone_combat_commander
2025-01-22 21:05:32 - INFO - Fetching data from API: https://multiplayersessionlist.iondriver.com/api/1.0/sessions?game=bigboat:battlezone_combat_commander
2025-01-22 21:05:48 - INFO - Fetching data from API: https://multiplayersessionlist.iondriver.com/api/1.0/sessions?game=bigboat:battlezone_combat_commander
2025-01-22 21:06:04 - INFO - Fetching data from API: https://multiplayersessionlist.iondriver.com/api/1.0/sessions?game=bigboat:battlezone_combat_commander
2025-01-22 21:06:19 - INFO - Fetching data from API: https://multiplayersessionlist.iondriver.com/api/1.0/sessions?game=bigboat:battlezone_combat_commander
2025-01-22 21:06:35 - INFO - Fetching data from API: https://multiplayersessionlist.iondriver.com/api/1.0/sessions?game=bigboat:battlezone_combat_commander
2025-01-22 21:06:51 - INFO - Fetching data from API: https://multiplayersessionlist.iondriver.com/api/1.0/sessions?game=bigboat:battlezone_combat_commander
2025-01-22 21:07:06 - INFO - Fetching data from API: https://multiplayersessionlist.iondriver.com/api/1.0/sessions?game=bigboat:battlezone_combat_commander
2025-01-22 21:07:22 - INFO - Fetching data from API: https://multiplayersessionlist.iondriver.com/api/1.0/sessions?game=bigboat:battlezone_combat_commander
2025-01-22 21:07:37 - INFO - Fetching data from API: https://multiplayersessionlist.iondriver.com/api/1.0/sessions?game=bigboat:battlezone_combat_commander
2025-01-22 21:07:53 - INFO - Fetching data from API: https://multiplayersessionlist.iondriver.com/api/1.0/sessions?game=bigboat:battlezone_combat_commander
2025-01-22 21:08:09 - INFO - Fetching data from API: https://multiplayersessionlist.iondriver.com/api/1.0/sessions?game=bigboat:battlezone_combat_commander
2025-01-22 21:08:33 - INFO - Fetching data from API: https://multiplayersessionlist.iondriver.com/api/1.0/sessions?game=bigboat:battlezone_combat_commander
2025-01-22 21:08:48 - INFO - Fetching data from API: https://multiplayersessionlist.iondriver.com/api/1.0/sessions?game=bigboat:battlezone_combat_commander
2025-01-22 21:09:04 - INFO - Fetching data from API: https://multiplayersessionlist.iondriver.com/api/1.0/sessions?game=bigboat:battlezone_combat_commander
2025-01-22 21:09:19 - INFO - Fetching data from API: https://multiplayersessionlist.iondriver.com/api/1.0/sessions?game=bigboat:battlezone_combat_commander
2025-01-22 21:09:35 - INFO - Fetching data from API: https://multiplayersessionlist.iondriver.com/api/1.0/sessions?game=bigboat:battlezone_combat_commander
2025-01-22 21:09:51 - INFO - Fetching data from API: https://multiplayersessionlist.iondriver.com/api/1.0/sessions?game=bigboat:battlezone_combat_commander
2025-01-22 21:10:07 - INFO - Fetching data from API: https://multiplayersessionlist.iondriver.com/api/1.0/sessions?game=bigboat:battlezone_combat_commander
2025-01-22 21:10:23 - INFO - Fetching data from API: https://multiplayersessionlist.iondriver.com/api/1.0/sessions?game=bigboat:battlezone_combat_commander
2025-01-22 21:10:39 - INFO - Fetching data from API: https://multiplayersessionlist.iondriver.com/api/1.0/sessions?game=bigboat:battlezone_combat_commander
2025-01-22 21:10:54 - INFO - Fetching data from API: https://multiplayersessionlist.iondriver.com/api/1.0/sessions?game=bigboat:battlezone_combat_commander
2025-01-22 21:11:10 - INFO - Fetching data from API: https://multiplayersessionlist.iondriver.com/api/1.0/sessions?game=bigboat:battlezone_combat_commander
2025-01-22 21:11:26 - INFO - Fetching data from API: https://multiplayersessionlist.iondriver.com/api/1.0/sessions?game=bigboat:battlezone_combat_commander
2025-01-22 21:11:41 - INFO - Fetching data from API: https://multiplayersessionlist.iondriver.com/api/1.0/sessions?game=bigboat:battlezone_combat_commander
2025-01-22 21:11:57 - INFO - Fetching data from API: https://multiplayersessionlist.iondriver.com/api/1.0/sessions?game=bigboat:battlezone_combat_commander
2025-01-22 21:12:13 - INFO - Fetching data from API: https://multiplayersessionlist.iondriver.com/api/1.0/sessions?game=bigboat:battlezone_combat_commander
2025-01-22 21:12:28 - INFO - Fetching data from API: https://multiplayersessionlist.iondriver.com/api/1.0/sessions?game=bigboat:battlezone_combat_commander
2025-01-22 21:12:44 - INFO - Fetching data from API: https://multiplayersessionlist.iondriver.com/api/1.0/sessions?game=bigboat:battlezone_combat_commander
2025-01-22 21:12:59 - INFO - Fetching data from API: https://multiplayersessionlist.iondriver.com/api/1.0/sessions?game=bigboat:battlezone_combat_commander
2025-01-22 21:13:15 - INFO - Fetching data from API: https://multiplayersessionlist.iondriver.com/api/1.0/sessions?game=bigboat:battlezone_combat_commander
2025-01-22 21:13:31 - INFO - Fetching data from API: https://multiplayersessionlist.iondriver.com/api/1.0/sessions?game=bigboat:battlezone_combat_commander
2025-01-22 21:13:47 - INFO - Fetching data from API: https://multiplayersessionlist.iondriver.com/api/1.0/sessions?game=bigboat:battlezone_combat_commander
2025-01-22 21:14:02 - INFO - Fetching data from API: https://multiplayersessionlist.iondriver.com/api/1.0/sessions?game=bigboat:battlezone_combat_commander
2025-01-22 21:14:18 - INFO - Fetching data from API: https://multiplayersessionlist.iondriver.com/api/1.0/sessions?game=bigboat:battlezone_combat_commander
2025-01-22 21:14:34 - INFO - Fetching data from API: https://multiplayersessionlist.iondriver.com/api/1.0/sessions?game=bigboat:battlezone_combat_commander
2025-01-22 21:14:49 - INFO - Fetching data from API: https://multiplayersessionlist.iondriver.com/api/1.0/sessions?game=bigboat:battlezone_combat_commander
2025-01-22 21:15:05 - INFO - Fetching data from API: https://multiplayersessionlist.iondriver.com/api/1.0/sessions?game=bigboat:battlezone_combat_commander
2025-01-22 21:15:20 - INFO - Fetching data from API: https://multiplayersessionlist.iondriver.com/api/1.0/sessions?game=bigboat:battlezone_combat_commander
2025-01-22 21:15:36 - INFO - Fetching data from API: https://multiplayersessionlist.iondriver.com/api/1.0/sessions?game=bigboat:battlezone_combat_commander
2025-01-22 21:15:52 - INFO - Fetching data from API: https://multiplayersessionlist.iondriver.com/api/1.0/sessions?game=bigboat:battlezone_combat_commander
2025-01-22 21:16:12 - INFO - Fetching data from API: https://multiplayersessionlist.iondriver.com/api/1.0/sessions?game=bigboat:battlezone_combat_commander
2025-01-22 21:16:42 - INFO - Fetching data from API: https://multiplayersessionlist.iondriver.com/api/1.0/sessions?game=bigboat:battlezone_combat_commander
2025-01-22 21:16:58 - INFO - Fetching data from API: https://multiplayersessionlist.iondriver.com/api/1.0/sessions?game=bigboat:battlezone_combat_commander
2025-01-22 21:17:14 - INFO - Fetching data from API: https://multiplayersessionlist.iondriver.com/api/1.0/sessions?game=bigboat:battlezone_combat_commander
2025-01-22 21:17:29 - INFO - Fetching data from API: https://multiplayersessionlist.iondriver.com/api/1.0/sessions?game=bigboat:battlezone_combat_commander
2025-01-22 21:17:45 - INFO - Fetching data from API: https://multiplayersessionlist.iondriver.com/api/1.0/sessions?game=bigboat:battlezone_combat_commander
2025-01-22 21:18:01 - INFO - Fetching data from API: https://multiplayersessionlist.iondriver.com/api/1.0/sessions?game=bigboat:battlezone_combat_commander
2025-01-22 21:18:16 - INFO - Fetching data from API: https://multiplayersessionlist.iondriver.com/api/1.0/sessions?game=bigboat:battlezone_combat_commander
2025-01-22 21:18:32 - INFO - Fetching data from API: https://multiplayersessionlist.iondriver.com/api/1.0/sessions?game=bigboat:battlezone_combat_commander
2025-01-22 21:18:48 - INFO - Fetching data from API: https://multiplayersessionlist.iondriver.com/api/1.0/sessions?game=bigboat:battlezone_combat_commander
2025-01-22 21:19:08 - INFO - Fetching data from API: https://multiplayersessionlist.iondriver.com/api/1.0/sessions?game=bigboat:battlezone_combat_commander
2025-01-22 21:19:23 - INFO - Fetching data from API: https://multiplayersessionlist.iondriver.com/api/1.0/sessions?game=bigboat:battlezone_combat_commander
2025-01-22 21:19:39 - INFO - Fetching data from API: https://multiplayersessionlist.iondriver.com/api/1.0/sessions?game=bigboat:battlezone_combat_commander
2025-01-22 21:19:55 - INFO - Fetching data from API: https://multiplayersessionlist.iondriver.com/api/1.0/sessions?game=bigboat:battlezone_combat_commander
2025-01-22 21:20:10 - INFO - Fetching data from API: https://multiplayersessionlist.iondriver.com/api/1.0/sessions?game=bigboat:battlezone_combat_commander
2025-01-22 21:20:26 - INFO - Fetching data from API: https://multiplayersessionlist.iondriver.com/api/1.0/sessions?game=bigboat:battlezone_combat_commander
2025-01-22 21:20:41 - INFO - Fetching data from API: https://multiplayersessionlist.iondriver.com/api/1.0/sessions?game=bigboat:battlezone_combat_commander
2025-01-22 21:20:57 - INFO - Fetching data from API: https://multiplayersessionlist.iondriver.com/api/1.0/sessions?game=bigboat:battlezone_combat_commander
2025-01-22 21:21:13 - INFO - Fetching data from API: https://multiplayersessionlist.iondriver.com/api/1.0/sessions?game=bigboat:battlezone_combat_commander
2025-01-22 21:21:32 - INFO - Fetching data from API: https://multiplayersessionlist.iondriver.com/api/1.0/sessions?game=bigboat:battlezone_combat_commander
2025-01-22 21:21:48 - INFO - Fetching data from API: https://multiplayersessionlist.iondriver.com/api/1.0/sessions?game=bigboat:battlezone_combat_commander
2025-01-22 21:22:04 - INFO - Fetching data from API: https://multiplayersessionlist.iondriver.com/api/1.0/sessions?game=bigboat:battlezone_combat_commander
2025-01-22 21:22:19 - INFO - Fetching data from API: https://multiplayersessionlist.iondriver.com/api/1.0/sessions?game=bigboat:battlezone_combat_commander
2025-01-22 21:22:36 - INFO - Fetching data from API: https://multiplayersessionlist.iondriver.com/api/1.0/sessions?game=bigboat:battlezone_combat_commander
2025-01-22 21:22:52 - INFO - Fetching data from API: https://multiplayersessionlist.iondriver.com/api/1.0/sessions?game=bigboat:battlezone_combat_commander
2025-01-22 21:23:08 - INFO - Fetching data from API: https://multiplayersessionlist.iondriver.com/api/1.0/sessions?game=bigboat:battlezone_combat_commander
2025-01-22 21:23:23 - INFO - Fetching data from API: https://multiplayersessionlist.iondriver.com/api/1.0/sessions?game=bigboat:battlezone_combat_commander
2025-01-22 21:23:39 - INFO - Fetching data from API: https://multiplayersessionlist.iondriver.com/api/1.0/sessions?game=bigboat:battlezone_combat_commander
2025-01-22 21:23:55 - INFO - Fetching data from API: https://multiplayersessionlist.iondriver.com/api/1.0/sessions?game=bigboat:battlezone_combat_commander
2025-01-22 21:24:10 - INFO - Fetching data from API: https://multiplayersessionlist.iondriver.com/api/1.0/sessions?game=bigboat:battlezone_combat_commander
2025-01-22 21:24:26 - INFO - Fetching data from API: https://multiplayersessionlist.iondriver.com/api/1.0/sessions?game=bigboat:battlezone_combat_commander
2025-01-22 21:24:42 - INFO - Fetching data from API: https://multiplayersessionlist.iondriver.com/api/1.0/sessions?game=bigboat:battlezone_combat_commander
2025-01-22 21:24:58 - INFO - Fetching data from API: https://multiplayersessionlist.iondriver.com/api/1.0/sessions?game=bigboat:battlezone_combat_commander
2025-01-22 21:25:14 - INFO - Fetching data from API: https://multiplayersessionlist.iondriver.com/api/1.0/sessions?game=bigboat:battlezone_combat_commander
2025-01-22 21:25:29 - INFO - Fetching data from API: https://multiplayersessionlist.iondriver.com/api/1.0/sessions?game=bigboat:battlezone_combat_commander
2025-01-22 21:25:45 - INFO - Fetching data from API: https://multiplayersessionlist.iondriver.com/api/1.0/sessions?game=bigboat:battlezone_combat_commander
2025-01-22 21:26:01 - INFO - Fetching data from API: https://multiplayersessionlist.iondriver.com/api/1.0/sessions?game=bigboat:battlezone_combat_commander
2025-01-22 21:26:16 - INFO - Fetching data from API: https://multiplayersessionlist.iondriver.com/api/1.0/sessions?game=bigboat:battlezone_combat_commander
2025-01-22 21:26:32 - INFO - Fetching data from API: https://multiplayersessionlist.iondriver.com/api/1.0/sessions?game=bigboat:battlezone_combat_commander
2025-01-22 21:26:48 - INFO - Fetching data from API: https://multiplayersessionlist.iondriver.com/api/1.0/sessions?game=bigboat:battlezone_combat_commander
2025-01-22 21:27:03 - INFO - Fetching data from API: https://multiplayersessionlist.iondriver.com/api/1.0/sessions?game=bigboat:battlezone_combat_commander
2025-01-22 21:27:19 - INFO - Fetching data from API: https://multiplayersessionlist.iondriver.com/api/1.0/sessions?game=bigboat:battlezone_combat_commander
2025-01-22 21:27:35 - INFO - Fetching data from API: https://multiplayersessionlist.iondriver.com/api/1.0/sessions?game=bigboat:battlezone_combat_commander
2025-01-22 21:27:50 - INFO - Fetching data from API: https://multiplayersessionlist.iondriver.com/api/1.0/sessions?game=bigboat:battlezone_combat_commander
2025-01-22 21:28:06 - INFO - Fetching data from API: https://multiplayersessionlist.iondriver.com/api/1.0/sessions?game=bigboat:battlezone_combat_commander
2025-01-22 21:28:25 - INFO - Fetching data from API: https://multiplayersessionlist.iondriver.com/api/1.0/sessions?game=bigboat:battlezone_combat_commander
2025-01-22 21:28:41 - INFO - Fetching data from API: https://multiplayersessionlist.iondriver.com/api/1.0/sessions?game=bigboat:battlezone_combat_commander
2025-01-22 21:28:57 - INFO - Fetching data from API: https://multiplayersessionlist.iondriver.com/api/1.0/sessions?game=bigboat:battlezone_combat_commander
2025-01-22 21:29:12 - INFO - Fetching data from API: https://multiplayersessionlist.iondriver.com/api/1.0/sessions?game=bigboat:battlezone_combat_commander
2025-01-22 21:29:28 - INFO - Fetching data from API: https://multiplayersessionlist.iondriver.com/api/1.0/sessions?game=bigboat:battlezone_combat_commander
2025-01-22 21:29:44 - INFO - Fetching data from API: https://multiplayersessionlist.iondriver.com/api/1.0/sessions?game=bigboat:battlezone_combat_commander
2025-01-22 21:29:59 - INFO - Fetching data from API: https://multiplayersessionlist.iondriver.com/api/1.0/sessions?game=bigboat:battlezone_combat_commander
2025-01-22 21:30:16 - INFO - Fetching data from API: https://multiplayersessionlist.iondriver.com/api/1.0/sessions?game=bigboat:battlezone_combat_commander
2025-01-22 21:30:32 - INFO - Fetching data from API: https://multiplayersessionlist.iondriver.com/api/1.0/sessions?game=bigboat:battlezone_combat_commander
2025-01-22 21:30:47 - INFO - Fetching data from API: https://multiplayersessionlist.iondriver.com/api/1.0/sessions?game=bigboat:battlezone_combat_commander
2025-01-22 21:31:03 - INFO - Fetching data from API: https://multiplayersessionlist.iondriver.com/api/1.0/sessions?game=bigboat:battlezone_combat_commander
2025-01-22 21:31:19 - INFO - Fetching data from API: https://multiplayersessionlist.iondriver.com/api/1.0/sessions?game=bigboat:battlezone_combat_commander
2025-01-22 21:31:34 - INFO - Fetching data from API: https://multiplayersessionlist.iondriver.com/api/1.0/sessions?game=bigboat:battlezone_combat_commander
2025-01-22 21:31:50 - INFO - Fetching data from API: https://multiplayersessionlist.iondriver.com/api/1.0/sessions?game=bigboat:battlezone_combat_commander
2025-01-22 21:32:06 - INFO - Fetching data from API: https://multiplayersessionlist.iondriver.com/api/1.0/sessions?game=bigboat:battlezone_combat_commander
2025-01-22 21:32:25 - INFO - Fetching data from API: https://multiplayersessionlist.iondriver.com/api/1.0/sessions?game=bigboat:battlezone_combat_commander
2025-01-22 21:32:41 - INFO - Fetching data from API: https://multiplayersessionlist.iondriver.com/api/1.0/sessions?game=bigboat:battlezone_combat_commander
2025-01-22 21:32:57 - INFO - Fetching data from API: https://multiplayersessionlist.iondriver.com/api/1.0/sessions?game=bigboat:battlezone_combat_commander
2025-01-22 21:33:16 - INFO - Fetching data from API: https://multiplayersessionlist.iondriver.com/api/1.0/sessions?game=bigboat:battlezone_combat_commander
2025-01-22 21:33:32 - INFO - Fetching data from API: https://multiplayersessionlist.iondriver.com/api/1.0/sessions?game=bigboat:battlezone_combat_commander
2025-01-22 21:33:47 - INFO - Fetching data from API: https://multiplayersessionlist.iondriver.com/api/1.0/sessions?game=bigboat:battlezone_combat_commander
2025-01-22 21:34:06 - INFO - Fetching data from API: https://multiplayersessionlist.iondriver.com/api/1.0/sessions?game=bigboat:battlezone_combat_commander
2025-01-22 21:34:21 - INFO - Fetching data from API: https://multiplayersessionlist.iondriver.com/api/1.0/sessions?game=bigboat:battlezone_combat_commander
2025-01-22 21:34:37 - INFO - Fetching data from API: https://multiplayersessionlist.iondriver.com/api/1.0/sessions?game=bigboat:battlezone_combat_commander
2025-01-22 21:34:53 - INFO - Fetching data from API: https://multiplayersessionlist.iondriver.com/api/1.0/sessions?game=bigboat:battlezone_combat_commander
2025-01-22 21:35:08 - INFO - Fetching data from API: https://multiplayersessionlist.iondriver.com/api/1.0/sessions?game=bigboat:battlezone_combat_commander
2025-01-22 21:35:24 - INFO - Fetching data from API: https://multiplayersessionlist.iondriver.com/api/1.0/sessions?game=bigboat:battlezone_combat_commander
2025-01-22 21:35:41 - INFO - Fetching data from API: https://multiplayersessionlist.iondriver.com/api/1.0/sessions?game=bigboat:battlezone_combat_commander
2025-01-22 21:35:57 - INFO - Fetching data from API: https://multiplayersessionlist.iondriver.com/api/1.0/sessions?game=bigboat:battlezone_combat_commander
2025-01-22 21:36:12 - INFO - Fetching data from API: https://multiplayersessionlist.iondriver.com/api/1.0/sessions?game=bigboat:battlezone_combat_commander
2025-01-22 21:36:28 - INFO - Fetching data from API: https://multiplayersessionlist.iondriver.com/api/1.0/sessions?game=bigboat:battlezone_combat_commander
2025-01-22 21:36:44 - INFO - Fetching data from API: https://multiplayersessionlist.iondriver.com/api/1.0/sessions?game=bigboat:battlezone_combat_commander
2025-01-22 21:36:59 - INFO - Fetching data from API: https://multiplayersessionlist.iondriver.com/api/1.0/sessions?game=bigboat:battlezone_combat_commander
2025-01-22 21:37:15 - INFO - Fetching data from API: https://multiplayersessionlist.iondriver.com/api/1.0/sessions?game=bigboat:battlezone_combat_commander
2025-01-22 21:37:31 - INFO - Fetching data from API: https://multiplayersessionlist.iondriver.com/api/1.0/sessions?game=bigboat:battlezone_combat_commander
2025-01-22 21:37:58 - INFO - Fetching data from API: https://multiplayersessionlist.iondriver.com/api/1.0/sessions?game=bigboat:battlezone_combat_commander
2025-01-22 21:38:14 - INFO - Fetching data from API: https://multiplayersessionlist.iondriver.com/api/1.0/sessions?game=bigboat:battlezone_combat_commander
2025-01-22 21:38:30 - INFO - Fetching data from API: https://multiplayersessionlist.iondriver.com/api/1.0/sessions?game=bigboat:battlezone_combat_commander
2025-01-22 21:38:46 - INFO - Fetching data from API: https://multiplayersessionlist.iondriver.com/api/1.0/sessions?game=bigboat:battlezone_combat_commander
2025-01-22 21:39:01 - INFO - Fetching data from API: https://multiplayersessionlist.iondriver.com/api/1.0/sessions?game=bigboat:battlezone_combat_commander
2025-01-22 21:39:17 - INFO - Fetching data from API: https://multiplayersessionlist.iondriver.com/api/1.0/sessions?game=bigboat:battlezone_combat_commander
2025-01-22 21:39:33 - INFO - Fetching data from API: https://multiplayersessionlist.iondriver.com/api/1.0/sessions?game=bigboat:battlezone_combat_commander
2025-01-22 21:39:49 - INFO - Fetching data from API: https://multiplayersessionlist.iondriver.com/api/1.0/sessions?game=bigboat:battlezone_combat_commander
2025-01-22 21:40:05 - INFO - Fetching data from API: https://multiplayersessionlist.iondriver.com/api/1.0/sessions?game=bigboat:battlezone_combat_commander
2025-01-22 21:40:20 - INFO - Fetching data from API: https://multiplayersessionlist.iondriver.com/api/1.0/sessions?game=bigboat:battlezone_combat_commander
2025-01-22 21:40:36 - INFO - Fetching data from API: https://multiplayersessionlist.iondriver.com/api/1.0/sessions?game=bigboat:battlezone_combat_commander
2025-01-22 21:40:52 - INFO - Fetching data from API: https://multiplayersessionlist.iondriver.com/api/1.0/sessions?game=bigboat:battlezone_combat_commander
2025-01-22 21:41:08 - INFO - Fetching data from API: https://multiplayersessionlist.iondriver.com/api/1.0/sessions?game=bigboat:battlezone_combat_commander
2025-01-22 21:41:23 - INFO - Fetching data from API: https://multiplayersessionlist.iondriver.com/api/1.0/sessions?game=bigboat:battlezone_combat_commander
2025-01-22 21:41:39 - INFO - Fetching data from API: https://multiplayersessionlist.iondriver.com/api/1.0/sessions?game=bigboat:battlezone_combat_commander
2025-01-22 21:43:34 - INFO - Bot started - checking every 15 seconds
2025-01-22 21:43:34 - INFO - Press Ctrl+C to stop
2025-01-22 21:43:34 - INFO - Fetching data from API: https://multiplayersessionlist.iondriver.com/api/1.0/sessions?game=bigboat:battlezone_combat_commander
2025-01-22 21:43:50 - INFO - Fetching data from API: https://multiplayersessionlist.iondriver.com/api/1.0/sessions?game=bigboat:battlezone_combat_commander
2025-01-22 21:44:06 - INFO - Fetching data from API: https://multiplayersessionlist.iondriver.com/api/1.0/sessions?game=bigboat:battlezone_combat_commander
2025-01-22 21:44:21 - INFO - Fetching data from API: https://multiplayersessionlist.iondriver.com/api/1.0/sessions?game=bigboat:battlezone_combat_commander
2025-01-22 21:44:39 - INFO - Fetching data from API: https://multiplayersessionlist.iondriver.com/api/1.0/sessions?game=bigboat:battlezone_combat_commander
2025-01-22 21:44:39 - INFO - Bot started - checking every 15 seconds
2025-01-22 21:44:39 - INFO - Press Ctrl+C to stop
2025-01-22 21:44:39 - INFO - Fetching data from API: https://multiplayersessionlist.iondriver.com/api/1.0/sessions?game=bigboat:battlezone_combat_commander
2025-01-22 21:44:45 - INFO - Bot started - checking every 15 seconds
2025-01-22 21:44:45 - INFO - Press Ctrl+C to stop
2025-01-22 21:44:45 - INFO - Fetching data from API: https://multiplayersessionlist.iondriver.com/api/1.0/sessions?game=bigboat:battlezone_combat_commander
2025-01-22 21:45:01 - INFO - Fetching data from API: https://multiplayersessionlist.iondriver.com/api/1.0/sessions?game=bigboat:battlezone_combat_commander
2025-01-22 21:45:17 - INFO - Fetching data from API: https://multiplayersessionlist.iondriver.com/api/1.0/sessions?game=bigboat:battlezone_combat_commander
2025-01-22 21:45:33 - INFO - Fetching data from API: https://multiplayersessionlist.iondriver.com/api/1.0/sessions?game=bigboat:battlezone_combat_commander
2025-01-22 21:45:49 - INFO - Fetching data from API: https://multiplayersessionlist.iondriver.com/api/1.0/sessions?game=bigboat:battlezone_combat_commander
2025-01-22 21:46:04 - INFO - Fetching data from API: https://multiplayersessionlist.iondriver.com/api/1.0/sessions?game=bigboat:battlezone_combat_commander
2025-01-22 21:46:20 - INFO - Fetching data from API: https://multiplayersessionlist.iondriver.com/api/1.0/sessions?game=bigboat:battlezone_combat_commander
2025-01-22 21:46:36 - INFO - Fetching data from API: https://multiplayersessionlist.iondriver.com/api/1.0/sessions?game=bigboat:battlezone_combat_commander
2025-01-22 21:46:52 - INFO - Fetching data from API: https://multiplayersessionlist.iondriver.com/api/1.0/sessions?game=bigboat:battlezone_combat_commander
2025-01-22 21:47:08 - INFO - Fetching data from API: https://multiplayersessionlist.iondriver.com/api/1.0/sessions?game=bigboat:battlezone_combat_commander
2025-01-22 21:47:24 - INFO - Fetching data from API: https://multiplayersessionlist.iondriver.com/api/1.0/sessions?game=bigboat:battlezone_combat_commander
2025-01-22 21:47:39 - INFO - Fetching data from API: https://multiplayersessionlist.iondriver.com/api/1.0/sessions?game=bigboat:battlezone_combat_commander
2025-01-22 21:47:55 - INFO - Fetching data from API: https://multiplayersessionlist.iondriver.com/api/1.0/sessions?game=bigboat:battlezone_combat_commander
2025-01-22 21:48:10 - INFO - Fetching data from API: https://multiplayersessionlist.iondriver.com/api/1.0/sessions?game=bigboat:battlezone_combat_commander
2025-01-22 21:48:26 - INFO - Fetching data from API: https://multiplayersessionlist.iondriver.com/api/1.0/sessions?game=bigboat:battlezone_combat_commander
2025-01-22 21:48:42 - INFO - Fetching data from API: https://multiplayersessionlist.iondriver.com/api/1.0/sessions?game=bigboat:battlezone_combat_commander
2025-01-22 21:48:57 - INFO - Fetching data from API: https://multiplayersessionlist.iondriver.com/api/1.0/sessions?game=bigboat:battlezone_combat_commander
2025-01-22 21:49:13 - INFO - Fetching data from API: https://multiplayersessionlist.iondriver.com/api/1.0/sessions?game=bigboat:battlezone_combat_commander
2025-01-22 21:49:29 - INFO - Fetching data from API: https://multiplayersessionlist.iondriver.com/api/1.0/sessions?game=bigboat:battlezone_combat_commander
2025-01-22 21:49:44 - INFO - Fetching data from API: https://multiplayersessionlist.iondriver.com/api/1.0/sessions?game=bigboat:battlezone_combat_commander
2025-01-22 21:50:00 - INFO - Fetching data from API: https://multiplayersessionlist.iondriver.com/api/1.0/sessions?game=bigboat:battlezone_combat_commander
2025-01-22 21:50:15 - INFO - Fetching data from API: https://multiplayersessionlist.iondriver.com/api/1.0/sessions?game=bigboat:battlezone_combat_commander
2025-01-22 23:49:53 - INFO - Bot started - checking every 15 seconds
2025-01-22 23:49:53 - INFO - Press Ctrl+C to stop
2025-01-22 23:49:53 - INFO - Fetching data from API: https://multiplayersessionlist.iondriver.com/api/1.0/sessions?game=bigboat:battlezone_combat_commander
2025-01-22 23:49:53 - INFO - Sending POST request to webhook
2025-01-22 23:49:54 - INFO - Webhook request successful: 204
2025-01-22 23:49:54 - ERROR - Error sending webhook: 204, message='Attempt to decode JSON with unexpected mimetype: text/html; charset=utf-8', url='https://discord.com/api/webhooks/1331391499430264922/mnxnqIAAyYqxwhM15AIUL_wbVw7xmDfzQcRCHSjPv9rgJIYRXJ37qgrOJRgEbf6An9hc'
2025-01-22 23:49:54 - INFO - Sending POST request to webhook
2025-01-22 23:49:54 - INFO - Webhook request successful: 204
2025-01-22 23:49:54 - ERROR - Error sending webhook: 204, message='Attempt to decode JSON with unexpected mimetype: text/html; charset=utf-8', url='https://discord.com/api/webhooks/1331391499430264922/mnxnqIAAyYqxwhM15AIUL_wbVw7xmDfzQcRCHSjPv9rgJIYRXJ37qgrOJRgEbf6An9hc'
2025-01-22 23:49:54 - ERROR - Failed to create embed for new session
2025-01-23 00:23:00 - INFO - Bot started - checking every 15 seconds
2025-01-23 00:23:00 - INFO - Press Ctrl+C to stop
2025-01-23 00:23:00 - INFO - Fetching data from API: https://multiplayersessionlist.iondriver.com/api/1.0/sessions?game=bigboat:battlezone_combat_commander
2025-01-23 00:23:00 - ERROR - Error checking sessions: cannot access local variable 'current_players' where it is not associated with a value
2025-01-23 00:23:15 - INFO - Fetching data from API: https://multiplayersessionlist.iondriver.com/api/1.0/sessions?game=bigboat:battlezone_combat_commander
2025-01-23 00:23:16 - INFO - [test] Unknown joined (1/10)
2025-01-23 00:23:31 - INFO - Fetching data from API: https://multiplayersessionlist.iondriver.com/api/1.0/sessions?game=bigboat:battlezone_combat_commander
2025-01-23 00:23:47 - INFO - Fetching data from API: https://multiplayersessionlist.iondriver.com/api/1.0/sessions?game=bigboat:battlezone_combat_commander
2025-01-23 00:23:52 - INFO - Bot started - checking every 15 seconds
2025-01-23 00:23:52 - INFO - Press Ctrl+C to stop
2025-01-23 00:23:52 - INFO - Fetching data from API: https://multiplayersessionlist.iondriver.com/api/1.0/sessions?game=bigboat:battlezone_combat_commander
2025-01-23 00:23:54 - INFO - Bot started - checking every 15 seconds
2025-01-23 00:23:54 - INFO - Press Ctrl+C to stop
2025-01-23 00:23:54 - INFO - Fetching data from API: https://multiplayersessionlist.iondriver.com/api/1.0/sessions?game=bigboat:battlezone_combat_commander
2025-01-23 00:24:07 - INFO - Bot started - checking every 15 seconds
2025-01-23 00:24:07 - INFO - Press Ctrl+C to stop
2025-01-23 00:24:07 - INFO - Fetching data from API: https://multiplayersessionlist.iondriver.com/api/1.0/sessions?game=bigboat:battlezone_combat_commander
2025-01-23 00:24:24 - INFO - Fetching data from API: https://multiplayersessionlist.iondriver.com/api/1.0/sessions?game=bigboat:battlezone_combat_commander
2025-01-23 00:24:40 - INFO - Fetching data from API: https://multiplayersessionlist.iondriver.com/api/1.0/sessions?game=bigboat:battlezone_combat_commander
2025-01-23 00:24:55 - INFO - Fetching data from API: https://multiplayersessionlist.iondriver.com/api/1.0/sessions?game=bigboat:battlezone_combat_commander
2025-01-23 00:25:11 - INFO - Fetching data from API: https://multiplayersessionlist.iondriver.com/api/1.0/sessions?game=bigboat:battlezone_combat_commander
2025-01-23 00:25:26 - INFO - Fetching data from API: https://multiplayersessionlist.iondriver.com/api/1.0/sessions?game=bigboat:battlezone_combat_commander
2025-01-23 00:25:42 - INFO - Fetching data from API: https://multiplayersessionlist.iondriver.com/api/1.0/sessions?game=bigboat:battlezone_combat_commander
2025-01-23 00:25:59 - INFO - Fetching data from API: https://multiplayersessionlist.iondriver.com/api/1.0/sessions?game=bigboat:battlezone_combat_commander
2025-01-23 00:25:59 - INFO - Bot started - checking every 15 seconds
2025-01-23 00:25:59 - INFO - Press Ctrl+C to stop
2025-01-23 00:25:59 - INFO - Fetching data from API: https://multiplayersessionlist.iondriver.com/api/1.0/sessions?game=bigboat:battlezone_combat_commander
2025-01-23 00:26:00 - INFO - Bot started - checking every 15 seconds
2025-01-23 00:26:00 - INFO - Press Ctrl+C to stop
2025-01-23 00:26:00 - INFO - Fetching data from API: https://multiplayersessionlist.iondriver.com/api/1.0/sessions?game=bigboat:battlezone_combat_commander
2025-01-23 00:26:16 - INFO - Fetching data from API: https://multiplayersessionlist.iondriver.com/api/1.0/sessions?game=bigboat:battlezone_combat_commander
2025-01-23 00:26:32 - INFO - Fetching data from API: https://multiplayersessionlist.iondriver.com/api/1.0/sessions?game=bigboat:battlezone_combat_commander
2025-01-23 00:26:48 - INFO - Fetching data from API: https://multiplayersessionlist.iondriver.com/api/1.0/sessions?game=bigboat:battlezone_combat_commander
2025-01-23 00:27:05 - INFO - Fetching data from API: https://multiplayersessionlist.iondriver.com/api/1.0/sessions?game=bigboat:battlezone_combat_commander
2025-01-23 00:27:21 - INFO - Fetching data from API: https://multiplayersessionlist.iondriver.com/api/1.0/sessions?game=bigboat:battlezone_combat_commander
2025-01-23 00:27:38 - INFO - Fetching data from API: https://multiplayersessionlist.iondriver.com/api/1.0/sessions?game=bigboat:battlezone_combat_commander
2025-01-23 00:27:53 - INFO - Fetching data from API: https://multiplayersessionlist.iondriver.com/api/1.0/sessions?game=bigboat:battlezone_combat_commander
2025-01-23 00:28:09 - INFO - Fetching data from API: https://multiplayersessionlist.iondriver.com/api/1.0/sessions?game=bigboat:battlezone_combat_commander
2025-01-23 00:28:24 - INFO - Fetching data from API: https://multiplayersessionlist.iondriver.com/api/1.0/sessions?game=bigboat:battlezone_combat_commander
2025-01-23 00:28:41 - INFO - Fetching data from API: https://multiplayersessionlist.iondriver.com/api/1.0/sessions?game=bigboat:battlezone_combat_commander
2025-01-23 00:28:56 - INFO - Fetching data from API: https://multiplayersessionlist.iondriver.com/api/1.0/sessions?game=bigboat:battlezone_combat_commander
2025-01-23 00:29:12 - INFO - Fetching data from API: https://multiplayersessionlist.iondriver.com/api/1.0/sessions?game=bigboat:battlezone_combat_commander
2025-01-23 00:29:56 - INFO - Bot started - checking every 15 seconds
2025-01-23 00:29:56 - INFO - Press Ctrl+C to stop
2025-01-23 00:29:56 - INFO - Fetching data from API: https://multiplayersessionlist.iondriver.com/api/1.0/sessions?game=bigboat:battlezone_combat_commander
2025-01-23 00:30:11 - INFO - Fetching data from API: https://multiplayersessionlist.iondriver.com/api/1.0/sessions?game=bigboat:battlezone_combat_commander
2025-01-23 00:30:27 - INFO - Fetching data from API: https://multiplayersessionlist.iondriver.com/api/1.0/sessions?game=bigboat:battlezone_combat_commander
2025-01-23 00:30:48 - INFO - Bot started - checking every 15 seconds
2025-01-23 00:30:48 - INFO - Press Ctrl+C to stop
2025-01-23 00:30:48 - INFO - Fetching data from API: https://multiplayersessionlist.iondriver.com/api/1.0/sessions?game=bigboat:battlezone_combat_commander
2025-01-23 00:31:04 - INFO - Fetching data from API: https://multiplayersessionlist.iondriver.com/api/1.0/sessions?game=bigboat:battlezone_combat_commander
2025-01-23 00:31:20 - INFO - Fetching data from API: https://multiplayersessionlist.iondriver.com/api/1.0/sessions?game=bigboat:battlezone_combat_commander
2025-01-23 00:31:35 - INFO - Fetching data from API: https://multiplayersessionlist.iondriver.com/api/1.0/sessions?game=bigboat:battlezone_combat_commander
2025-01-23 00:31:52 - INFO - Fetching data from API: https://multiplayersessionlist.iondriver.com/api/1.0/sessions?game=bigboat:battlezone_combat_commander
2025-01-23 00:32:08 - INFO - Fetching data from API: https://multiplayersessionlist.iondriver.com/api/1.0/sessions?game=bigboat:battlezone_combat_commander
2025-01-23 00:32:10 - INFO - Bot started - checking every 15 seconds
2025-01-23 00:32:10 - INFO - Press Ctrl+C to stop
2025-01-23 00:32:10 - INFO - Fetching data from API: https://multiplayersessionlist.iondriver.com/api/1.0/sessions?game=bigboat:battlezone_combat_commander
2025-01-23 00:32:11 - INFO - Bot started - checking every 15 seconds
2025-01-23 00:32:11 - INFO - Press Ctrl+C to stop
2025-01-23 00:32:11 - INFO - Fetching data from API: https://multiplayersessionlist.iondriver.com/api/1.0/sessions?game=bigboat:battlezone_combat_commander
2025-01-23 00:32:25 - INFO - Bot started - checking every 15 seconds
2025-01-23 00:32:25 - INFO - Press Ctrl+C to stop
2025-01-23 00:32:25 - INFO - Fetching data from API: https://multiplayersessionlist.iondriver.com/api/1.0/sessions?game=bigboat:battlezone_combat_commander
2025-01-23 00:32:41 - INFO - Fetching data from API: https://multiplayersessionlist.iondriver.com/api/1.0/sessions?game=bigboat:battlezone_combat_commander
2025-01-23 00:32:57 - INFO - Fetching data from API: https://multiplayersessionlist.iondriver.com/api/1.0/sessions?game=bigboat:battlezone_combat_commander
2025-01-23 00:33:12 - INFO - Fetching data from API: https://multiplayersessionlist.iondriver.com/api/1.0/sessions?game=bigboat:battlezone_combat_commander
2025-01-23 00:33:28 - INFO - Fetching data from API: https://multiplayersessionlist.iondriver.com/api/1.0/sessions?game=bigboat:battlezone_combat_commander
2025-01-23 00:33:43 - INFO - Fetching data from API: https://multiplayersessionlist.iondriver.com/api/1.0/sessions?game=bigboat:battlezone_combat_commander
2025-01-23 00:33:59 - INFO - Fetching data from API: https://multiplayersessionlist.iondriver.com/api/1.0/sessions?game=bigboat:battlezone_combat_commander
2025-01-23 00:34:15 - INFO - Fetching data from API: https://multiplayersessionlist.iondriver.com/api/1.0/sessions?game=bigboat:battlezone_combat_commander
2025-01-23 00:34:32 - INFO - Fetching data from API: https://multiplayersessionlist.iondriver.com/api/1.0/sessions?game=bigboat:battlezone_combat_commander
2025-01-23 00:35:52 - INFO - Bot started - checking every 15 seconds
2025-01-23 00:35:52 - INFO - Press Ctrl+C to stop
2025-01-23 00:35:52 - INFO - Fetching data from API: https://multiplayersessionlist.iondriver.com/api/1.0/sessions?game=bigboat:battlezone_combat_commander
2025-01-23 00:36:07 - INFO - Fetching data from API: https://multiplayersessionlist.iondriver.com/api/1.0/sessions?game=bigboat:battlezone_combat_commander
2025-01-23 00:36:23 - INFO - Fetching data from API: https://multiplayersessionlist.iondriver.com/api/1.0/sessions?game=bigboat:battlezone_combat_commander
2025-01-23 00:36:39 - INFO - Fetching data from API: https://multiplayersessionlist.iondriver.com/api/1.0/sessions?game=bigboat:battlezone_combat_commander
2025-01-23 00:36:55 - INFO - Fetching data from API: https://multiplayersessionlist.iondriver.com/api/1.0/sessions?game=bigboat:battlezone_combat_commander
2025-01-23 00:37:11 - INFO - Fetching data from API: https://multiplayersessionlist.iondriver.com/api/1.0/sessions?game=bigboat:battlezone_combat_commander
2025-01-23 00:37:26 - INFO - Fetching data from API: https://multiplayersessionlist.iondriver.com/api/1.0/sessions?game=bigboat:battlezone_combat_commander
2025-01-23 00:37:44 - INFO - Fetching data from API: https://multiplayersessionlist.iondriver.com/api/1.0/sessions?game=bigboat:battlezone_combat_commander
2025-01-23 00:37:59 - INFO - Fetching data from API: https://multiplayersessionlist.iondriver.com/api/1.0/sessions?game=bigboat:battlezone_combat_commander
2025-01-23 00:38:15 - INFO - Fetching data from API: https://multiplayersessionlist.iondriver.com/api/1.0/sessions?game=bigboat:battlezone_combat_commander
2025-01-23 00:38:31 - INFO - Fetching data from API: https://multiplayersessionlist.iondriver.com/api/1.0/sessions?game=bigboat:battlezone_combat_commander
2025-01-23 00:38:46 - INFO - Fetching data from API: https://multiplayersessionlist.iondriver.com/api/1.0/sessions?game=bigboat:battlezone_combat_commander
2025-01-23 00:48:12 - INFO - Bot started - checking every 15 seconds
2025-01-23 00:48:12 - INFO - Press Ctrl+C to stop
2025-01-23 00:48:12 - INFO - Fetching data from API: https://multiplayersessionlist.iondriver.com/api/1.0/sessions?game=bigboat:battlezone_combat_commander
2025-01-23 00:48:28 - INFO - Fetching data from API: https://multiplayersessionlist.iondriver.com/api/1.0/sessions?game=bigboat:battlezone_combat_commander
2025-01-23 00:49:50 - INFO - Bot started - checking every 15 seconds
2025-01-23 00:49:50 - INFO - Press Ctrl+C to stop
2025-01-23 00:49:50 - INFO - Fetching data from API: https://multiplayersessionlist.iondriver.com/api/1.0/sessions?game=bigboat:battlezone_combat_commander
2025-01-23 00:50:05 - INFO - Fetching data from API: https://multiplayersessionlist.iondriver.com/api/1.0/sessions?game=bigboat:battlezone_combat_commander
2025-01-23 00:50:21 - INFO - Fetching data from API: https://multiplayersessionlist.iondriver.com/api/1.0/sessions?game=bigboat:battlezone_combat_commander
2025-01-23 00:50:49 - INFO - Bot started - checking every 15 seconds
2025-01-23 00:50:49 - INFO - Press Ctrl+C to stop
2025-01-23 00:50:49 - INFO - Fetching data from API: https://multiplayersessionlist.iondriver.com/api/1.0/sessions?game=bigboat:battlezone_combat_commander
2025-01-23 00:51:05 - INFO - Fetching data from API: https://multiplayersessionlist.iondriver.com/api/1.0/sessions?game=bigboat:battlezone_combat_commander
2025-01-23 00:51:21 - INFO - Fetching data from API: https://multiplayersessionlist.iondriver.com/api/1.0/sessions?game=bigboat:battlezone_combat_commander
2025-01-23 00:51:36 - INFO - Fetching data from API: https://multiplayersessionlist.iondriver.com/api/1.0/sessions?game=bigboat:battlezone_combat_commander
2025-01-23 00:51:52 - INFO - Fetching data from API: https://multiplayersessionlist.iondriver.com/api/1.0/sessions?game=bigboat:battlezone_combat_commander
2025-01-23 00:52:08 - INFO - Fetching data from API: https://multiplayersessionlist.iondriver.com/api/1.0/sessions?game=bigboat:battlezone_combat_commander
2025-01-23 00:52:23 - INFO - Fetching data from API: https://multiplayersessionlist.iondriver.com/api/1.0/sessions?game=bigboat:battlezone_combat_commander
2025-01-23 00:52:39 - INFO - Fetching data from API: https://multiplayersessionlist.iondriver.com/api/1.0/sessions?game=bigboat:battlezone_combat_commander
2025-01-23 00:52:44 - INFO - Bot started - checking every 15 seconds
2025-01-23 00:52:44 - INFO - Press Ctrl+C to stop
2025-01-23 00:52:44 - INFO - Fetching data from API: https://multiplayersessionlist.iondriver.com/api/1.0/sessions?game=bigboat:battlezone_combat_commander
2025-01-23 00:52:45 - INFO - Game mod ID: 1325933293
2025-01-23 00:52:45 - INFO - Available mods in DataCache: []
2025-01-23 00:52:45 - ERROR - Mod ID 1325933293 not found in DataCache
2025-01-23 00:52:45 - ERROR - An error occurred: name 'player_list' is not defined
2025-01-23 00:52:45 - ERROR - Error creating embed: 400
2025-01-23 00:52:46 - INFO - Bot started - checking every 15 seconds
2025-01-23 00:52:46 - INFO - Press Ctrl+C to stop
2025-01-23 00:52:46 - INFO - Fetching data from API: https://multiplayersessionlist.iondriver.com/api/1.0/sessions?game=bigboat:battlezone_combat_commander
2025-01-23 00:52:47 - INFO - Game mod ID: 1325933293
2025-01-23 00:52:47 - INFO - Available mods in DataCache: []
2025-01-23 00:52:47 - ERROR - Mod ID 1325933293 not found in DataCache
2025-01-23 00:52:47 - ERROR - An error occurred: name 'player_list' is not defined
2025-01-23 00:52:47 - ERROR - Error creating embed: 400
2025-01-23 00:53:02 - INFO - Fetching data from API: https://multiplayersessionlist.iondriver.com/api/1.0/sessions?game=bigboat:battlezone_combat_commander
2025-01-23 00:53:17 - INFO - Fetching data from API: https://multiplayersessionlist.iondriver.com/api/1.0/sessions?game=bigboat:battlezone_combat_commander
2025-01-23 00:53:32 - INFO - Fetching data from API: https://multiplayersessionlist.iondriver.com/api/1.0/sessions?game=bigboat:battlezone_combat_commander
2025-01-23 00:53:48 - INFO - Fetching data from API: https://multiplayersessionlist.iondriver.com/api/1.0/sessions?game=bigboat:battlezone_combat_commander
2025-01-23 00:54:03 - INFO - Fetching data from API: https://multiplayersessionlist.iondriver.com/api/1.0/sessions?game=bigboat:battlezone_combat_commander
2025-01-23 00:54:19 - INFO - Fetching data from API: https://multiplayersessionlist.iondriver.com/api/1.0/sessions?game=bigboat:battlezone_combat_commander
2025-01-23 00:54:33 - INFO - Bot started - checking every 15 seconds
2025-01-23 00:54:33 - INFO - Press Ctrl+C to stop
2025-01-23 00:54:33 - INFO - Fetching data from API: https://multiplayersessionlist.iondriver.com/api/1.0/sessions?game=bigboat:battlezone_combat_commander
2025-01-23 00:54:33 - INFO - Game mod ID: 1325933293
2025-01-23 00:54:33 - INFO - Available mods in DataCache: []
2025-01-23 00:54:33 - ERROR - Mod ID 1325933293 not found in DataCache
2025-01-23 00:54:35 - INFO - Bot started - checking every 15 seconds
2025-01-23 00:54:35 - INFO - Press Ctrl+C to stop
2025-01-23 00:54:35 - INFO - Fetching data from API: https://multiplayersessionlist.iondriver.com/api/1.0/sessions?game=bigboat:battlezone_combat_commander
2025-01-23 00:54:35 - INFO - Game mod ID: 1325933293
2025-01-23 00:54:35 - INFO - Available mods in DataCache: []
2025-01-23 00:54:35 - ERROR - Mod ID 1325933293 not found in DataCache
2025-01-23 00:54:50 - INFO - Fetching data from API: https://multiplayersessionlist.iondriver.com/api/1.0/sessions?game=bigboat:battlezone_combat_commander
2025-01-23 00:54:51 - INFO - Game mod ID: 1325933293
2025-01-23 00:54:51 - INFO - Available mods in DataCache: []
2025-01-23 00:54:51 - ERROR - Mod ID 1325933293 not found in DataCache
2025-01-23 00:55:06 - INFO - Fetching data from API: https://multiplayersessionlist.iondriver.com/api/1.0/sessions?game=bigboat:battlezone_combat_commander
2025-01-23 00:55:06 - INFO - Game mod ID: 1325933293
2025-01-23 00:55:06 - INFO - Available mods in DataCache: []
2025-01-23 00:55:06 - ERROR - Mod ID 1325933293 not found in DataCache
2025-01-23 00:55:11 - INFO - Bot started - checking every 15 seconds
2025-01-23 00:55:11 - INFO - Press Ctrl+C to stop
2025-01-23 00:55:11 - INFO - Fetching data from API: https://multiplayersessionlist.iondriver.com/api/1.0/sessions?game=bigboat:battlezone_combat_commander
2025-01-23 00:55:11 - INFO - Game mod ID: 1325933293
2025-01-23 00:55:11 - INFO - Available mods in DataCache: []
2025-01-23 00:55:11 - ERROR - Mod ID 1325933293 not found in DataCache
2025-01-23 00:55:27 - INFO - Fetching data from API: https://multiplayersessionlist.iondriver.com/api/1.0/sessions?game=bigboat:battlezone_combat_commander
2025-01-23 00:55:27 - INFO - Game mod ID: 1325933293
2025-01-23 00:55:27 - INFO - Available mods in DataCache: []
2025-01-23 00:55:27 - ERROR - Mod ID 1325933293 not found in DataCache
2025-01-23 00:55:43 - INFO - Fetching data from API: https://multiplayersessionlist.iondriver.com/api/1.0/sessions?game=bigboat:battlezone_combat_commander
2025-01-23 00:55:43 - INFO - Game mod ID: 1325933293
2025-01-23 00:55:43 - INFO - Available mods in DataCache: []
2025-01-23 00:55:43 - ERROR - Mod ID 1325933293 not found in DataCache
2025-01-23 00:55:58 - INFO - Fetching data from API: https://multiplayersessionlist.iondriver.com/api/1.0/sessions?game=bigboat:battlezone_combat_commander
2025-01-23 00:55:58 - INFO - Game mod ID: 1325933293
2025-01-23 00:55:58 - INFO - Available mods in DataCache: []
2025-01-23 00:55:58 - ERROR - Mod ID 1325933293 not found in DataCache
2025-01-23 00:56:08 - INFO - Bot started - checking every 15 seconds
2025-01-23 00:56:08 - INFO - Press Ctrl+C to stop
2025-01-23 00:56:08 - INFO - Fetching data from API: https://multiplayersessionlist.iondriver.com/api/1.0/sessions?game=bigboat:battlezone_combat_commander
2025-01-23 00:56:08 - INFO - Game mod ID: 1325933293
2025-01-23 00:56:08 - INFO - Available mods in DataCache: []
2025-01-23 00:56:08 - ERROR - Mod ID 1325933293 not found in DataCache
2025-01-23 00:56:08 - INFO - Full DataCache: {'Level': {'GameType': {'STRAT': {'Name': 'Strategy'}}, 'GameMode': {'STRAT': {'Name': 'Strategy'}}}, 'Players': {'IDs': {'Steam': {'76561199653748651': {'AvatarUrl': 'https://avatars.steamstatic.com/d11a4032178ddcad6c2951556bd6a8952fc2aaba_full.jpg', 'Nickname': 'Sev', 'ProfileUrl': 'https://steamcommunity.com/profiles/76561199653748651/'}}}}}
2025-01-23 00:56:24 - INFO - Fetching data from API: https://multiplayersessionlist.iondriver.com/api/1.0/sessions?game=bigboat:battlezone_combat_commander
2025-01-23 00:56:24 - INFO - Game mod ID: 1325933293
2025-01-23 00:56:24 - INFO - Available mods in DataCache: []
2025-01-23 00:56:24 - ERROR - Mod ID 1325933293 not found in DataCache
2025-01-23 00:56:24 - INFO - Full DataCache: {'Level': {'GameType': {'STRAT': {'Name': 'Strategy'}}, 'GameMode': {'STRAT': {'Name': 'Strategy'}}}, 'Players': {'IDs': {'Steam': {'76561199653748651': {'AvatarUrl': 'https://avatars.steamstatic.com/d11a4032178ddcad6c2951556bd6a8952fc2aaba_full.jpg', 'Nickname': 'Sev', 'ProfileUrl': 'https://steamcommunity.com/profiles/76561199653748651/'}}}}}
2025-01-23 00:56:39 - INFO - Fetching data from API: https://multiplayersessionlist.iondriver.com/api/1.0/sessions?game=bigboat:battlezone_combat_commander
2025-01-23 00:56:40 - INFO - Game mod ID: 1325933293
2025-01-23 00:56:40 - INFO - Available mods in DataCache: []
2025-01-23 00:56:40 - ERROR - Mod ID 1325933293 not found in DataCache
2025-01-23 00:56:40 - INFO - Full DataCache: {'Level': {'GameType': {'STRAT': {'Name': 'Strategy'}, 'DM': {'Name': 'Deathmatch'}}, 'GameMode': {'STRAT': {'Name': 'Strategy'}, 'TEAM_CTF': {'Name': 'Capture the Flag'}}}, 'Players': {'IDs': {'Steam': {'76561199653748651': {'AvatarUrl': 'https://avatars.steamstatic.com/d11a4032178ddcad6c2951556bd6a8952fc2aaba_full.jpg', 'Nickname': 'Sev', 'ProfileUrl': 'https://steamcommunity.com/profiles/76561199653748651/'}, '76561198022143446': {'AvatarUrl': 'https://avatars.steamstatic.com/3878fbef8dafacab50f3e601c2330470f7d68e33_full.jpg', 'Nickname': 'Failsave', 'ProfileUrl': 'https://steamcommunity.com/profiles/76561198022143446/'}}}}}
2025-01-23 00:56:55 - INFO - Fetching data from API: https://multiplayersessionlist.iondriver.com/api/1.0/sessions?game=bigboat:battlezone_combat_commander
2025-01-23 00:56:56 - INFO - Game mod ID: 1325933293
2025-01-23 00:56:56 - INFO - Available mods in DataCache: []
2025-01-23 00:56:56 - ERROR - Mod ID 1325933293 not found in DataCache
2025-01-23 00:56:56 - INFO - Full DataCache: {'Level': {'GameType': {'DM': {'Name': 'Deathmatch'}, 'STRAT': {'Name': 'Strategy'}}, 'GameMode': {'TEAM_CTF': {'Name': 'Capture the Flag'}, 'STRAT': {'Name': 'Strategy'}}}, 'Players': {'IDs': {'Steam': {'76561198022143446': {'AvatarUrl': 'https://avatars.steamstatic.com/3878fbef8dafacab50f3e601c2330470f7d68e33_full.jpg', 'Nickname': 'Failsave', 'ProfileUrl': 'https://steamcommunity.com/profiles/76561198022143446/'}, '76561199653748651': {'AvatarUrl': 'https://avatars.steamstatic.com/d11a4032178ddcad6c2951556bd6a8952fc2aaba_full.jpg', 'Nickname': 'Sev', 'ProfileUrl': 'https://steamcommunity.com/profiles/76561199653748651/'}}}}}
2025-01-23 00:57:11 - INFO - Fetching data from API: https://multiplayersessionlist.iondriver.com/api/1.0/sessions?game=bigboat:battlezone_combat_commander
2025-01-23 00:57:11 - INFO - Game mod ID: 1325933293
2025-01-23 00:57:11 - INFO - Available mods in DataCache: []
2025-01-23 00:57:11 - ERROR - Mod ID 1325933293 not found in DataCache
2025-01-23 00:57:11 - INFO - Full DataCache: {'Level': {'GameType': {'STRAT': {'Name': 'Strategy'}}, 'GameMode': {'STRAT': {'Name': 'Strategy'}}}, 'Players': {'IDs': {'Steam': {'76561199653748651': {'AvatarUrl': 'https://avatars.steamstatic.com/d11a4032178ddcad6c2951556bd6a8952fc2aaba_full.jpg', 'Nickname': 'Sev', 'ProfileUrl': 'https://steamcommunity.com/profiles/76561199653748651/'}}}}}
2025-01-23 00:57:27 - INFO - Fetching data from API: https://multiplayersessionlist.iondriver.com/api/1.0/sessions?game=bigboat:battlezone_combat_commander
2025-01-23 00:57:27 - INFO - Game mod ID: 1325933293
2025-01-23 00:57:27 - INFO - Available mods in DataCache: []
2025-01-23 00:57:27 - ERROR - Mod ID 1325933293 not found in DataCache
2025-01-23 00:57:27 - INFO - Full DataCache: {'Level': {'GameType': {'STRAT': {'Name': 'Strategy'}}, 'GameMode': {'STRAT': {'Name': 'Strategy'}}}, 'Players': {'IDs': {'Steam': {'76561199653748651': {'AvatarUrl': 'https://avatars.steamstatic.com/d11a4032178ddcad6c2951556bd6a8952fc2aaba_full.jpg', 'Nickname': 'Sev', 'ProfileUrl': 'https://steamcommunity.com/profiles/76561199653748651/'}}}}}
2025-01-23 00:57:42 - INFO - Fetching data from API: https://multiplayersessionlist.iondriver.com/api/1.0/sessions?game=bigboat:battlezone_combat_commander
2025-01-23 00:57:43 - INFO - Game mod ID: 1325933293
2025-01-23 00:57:43 - INFO - Available mods in DataCache: []
2025-01-23 00:57:43 - ERROR - Mod ID 1325933293 not found in DataCache
2025-01-23 00:57:43 - INFO - Full DataCache: {'Level': {'GameType': {'STRAT': {'Name': 'Strategy'}}, 'GameMode': {'STRAT': {'Name': 'Strategy'}, 'FFA': {'Name': 'Free for All'}}}, 'Players': {'IDs': {'Steam': {'76561199653748651': {'AvatarUrl': 'https://avatars.steamstatic.com/d11a4032178ddcad6c2951556bd6a8952fc2aaba_full.jpg', 'Nickname': 'Sev', 'ProfileUrl': 'https://steamcommunity.com/profiles/76561199653748651/'}, '76561198022143446': {'AvatarUrl': 'https://avatars.steamstatic.com/3878fbef8dafacab50f3e601c2330470f7d68e33_full.jpg', 'Nickname': 'Failsave', 'ProfileUrl': 'https://steamcommunity.com/profiles/76561198022143446/'}}}}}
2025-01-23 00:57:58 - INFO - Fetching data from API: https://multiplayersessionlist.iondriver.com/api/1.0/sessions?game=bigboat:battlezone_combat_commander
2025-01-23 00:57:58 - INFO - Game mod ID: 1325933293
2025-01-23 00:57:58 - INFO - Available mods in DataCache: []
2025-01-23 00:57:58 - ERROR - Mod ID 1325933293 not found in DataCache
2025-01-23 00:57:58 - INFO - Full DataCache: {'Level': {'GameType': {'STRAT': {'Name': 'Strategy'}}, 'GameMode': {'STRAT': {'Name': 'Strategy'}}}, 'Players': {'IDs': {'Steam': {'76561199653748651': {'AvatarUrl': 'https://avatars.steamstatic.com/d11a4032178ddcad6c2951556bd6a8952fc2aaba_full.jpg', 'Nickname': 'Sev', 'ProfileUrl': 'https://steamcommunity.com/profiles/76561199653748651/'}}}}}
2025-01-23 00:58:14 - INFO - Fetching data from API: https://multiplayersessionlist.iondriver.com/api/1.0/sessions?game=bigboat:battlezone_combat_commander
2025-01-23 00:58:14 - INFO - Game mod ID: 1325933293
2025-01-23 00:58:14 - INFO - Available mods in DataCache: []
2025-01-23 00:58:14 - ERROR - Mod ID 1325933293 not found in DataCache
2025-01-23 00:58:14 - INFO - Full DataCache: {'Level': {'GameType': {'DM': {'Name': 'Deathmatch'}, 'STRAT': {'Name': 'Strategy'}}, 'GameMode': {'TEAM_CTF': {'Name': 'Capture the Flag'}, 'STRAT': {'Name': 'Strategy'}}}, 'Players': {'IDs': {'Steam': {'76561198022143446': {'AvatarUrl': 'https://avatars.steamstatic.com/3878fbef8dafacab50f3e601c2330470f7d68e33_full.jpg', 'Nickname': 'Failsave', 'ProfileUrl': 'https://steamcommunity.com/profiles/76561198022143446/'}, '76561199653748651': {'AvatarUrl': 'https://avatars.steamstatic.com/d11a4032178ddcad6c2951556bd6a8952fc2aaba_full.jpg', 'Nickname': 'Sev', 'ProfileUrl': 'https://steamcommunity.com/profiles/76561199653748651/'}}}}}
2025-01-23 00:58:29 - INFO - Fetching data from API: https://multiplayersessionlist.iondriver.com/api/1.0/sessions?game=bigboat:battlezone_combat_commander
2025-01-23 00:58:30 - INFO - Game mod ID: 1325933293
2025-01-23 00:58:30 - INFO - Available mods in DataCache: []
2025-01-23 00:58:30 - ERROR - Mod ID 1325933293 not found in DataCache
2025-01-23 00:58:30 - INFO - Full DataCache: {'Level': {'GameType': {'STRAT': {'Name': 'Strategy'}}, 'GameMode': {'STRAT': {'Name': 'Strategy'}, 'MPI': {'Name': 'MPI'}}}, 'Players': {'IDs': {'Steam': {'76561199653748651': {'AvatarUrl': 'https://avatars.steamstatic.com/d11a4032178ddcad6c2951556bd6a8952fc2aaba_full.jpg', 'Nickname': 'Sev', 'ProfileUrl': 'https://steamcommunity.com/profiles/76561199653748651/'}, '76561198022143446': {'AvatarUrl': 'https://avatars.steamstatic.com/3878fbef8dafacab50f3e601c2330470f7d68e33_full.jpg', 'Nickname': 'Failsave', 'ProfileUrl': 'https://steamcommunity.com/profiles/76561198022143446/'}}}}}
2025-01-23 00:58:34 - INFO - Bot started - checking every 15 seconds
2025-01-23 00:58:34 - INFO - Press Ctrl+C to stop
2025-01-23 00:58:34 - INFO - Fetching data from API: https://multiplayersessionlist.iondriver.com/api/1.0/sessions?game=bigboat:battlezone_combat_commander
2025-01-23 00:58:34 - INFO - Game mod ID: 1325933293
2025-01-23 00:58:34 - INFO - Found mod: Vet Strat Recycler Variant
2025-01-23 00:58:36 - INFO - Bot started - checking every 15 seconds
2025-01-23 00:58:36 - INFO - Press Ctrl+C to stop
2025-01-23 00:58:36 - INFO - Fetching data from API: https://multiplayersessionlist.iondriver.com/api/1.0/sessions?game=bigboat:battlezone_combat_commander
2025-01-23 00:58:36 - INFO - Game mod ID: 1325933293
2025-01-23 00:58:36 - INFO - Found mod: Vet Strat Recycler Variant
2025-01-23 00:58:57 - INFO - Fetching data from API: https://multiplayersessionlist.iondriver.com/api/1.0/sessions?game=bigboat:battlezone_combat_commander
2025-01-23 00:58:57 - INFO - Game mod ID: 1325933293
2025-01-23 00:58:57 - INFO - Found mod: Vet Strat Recycler Variant
2025-01-23 00:59:12 - INFO - Fetching data from API: https://multiplayersessionlist.iondriver.com/api/1.0/sessions?game=bigboat:battlezone_combat_commander
2025-01-23 00:59:13 - INFO - Game mod ID: 1325933293
2025-01-23 00:59:13 - INFO - Found mod: Vet Strat Recycler Variant
2025-01-23 00:59:28 - INFO - Fetching data from API: https://multiplayersessionlist.iondriver.com/api/1.0/sessions?game=bigboat:battlezone_combat_commander
2025-01-23 00:59:28 - INFO - Game mod ID: 1325933293
2025-01-23 00:59:28 - INFO - Found mod: Vet Strat Recycler Variant
2025-01-23 00:59:43 - INFO - Fetching data from API: https://multiplayersessionlist.iondriver.com/api/1.0/sessions?game=bigboat:battlezone_combat_commander
2025-01-23 00:59:44 - INFO - Game mod ID: 1325933293
2025-01-23 00:59:44 - INFO - Found mod: Vet Strat Recycler Variant
2025-01-23 00:59:59 - INFO - Fetching data from API: https://multiplayersessionlist.iondriver.com/api/1.0/sessions?game=bigboat:battlezone_combat_commander
2025-01-23 01:00:00 - INFO - Game mod ID: 1325933293
2025-01-23 01:00:00 - INFO - Found mod: Vet Strat Recycler Variant
2025-01-23 01:00:03 - INFO - Bot started - checking every 15 seconds
2025-01-23 01:00:03 - INFO - Press Ctrl+C to stop
2025-01-23 01:00:03 - INFO - Fetching data from API: https://multiplayersessionlist.iondriver.com/api/1.0/sessions?game=bigboat:battlezone_combat_commander
2025-01-23 01:00:03 - INFO - Game mod ID: 1325933293
2025-01-23 01:00:03 - INFO - Found mod: Vet Strat Recycler Variant
2025-01-23 01:00:03 - ERROR - An error occurred: type object 'datetime.datetime' has no attribute 'UTC'
2025-01-23 01:00:03 - ERROR - Error creating embed: 400
2025-01-23 01:00:04 - INFO - Bot started - checking every 15 seconds
2025-01-23 01:00:04 - INFO - Press Ctrl+C to stop
2025-01-23 01:00:04 - INFO - Fetching data from API: https://multiplayersessionlist.iondriver.com/api/1.0/sessions?game=bigboat:battlezone_combat_commander
2025-01-23 01:00:05 - INFO - Game mod ID: 1325933293
2025-01-23 01:00:05 - INFO - Found mod: Vet Strat Recycler Variant
2025-01-23 01:00:05 - ERROR - An error occurred: type object 'datetime.datetime' has no attribute 'UTC'
2025-01-23 01:00:05 - ERROR - Error creating embed: 400
2025-01-23 01:00:20 - INFO - Fetching data from API: https://multiplayersessionlist.iondriver.com/api/1.0/sessions?game=bigboat:battlezone_combat_commander
2025-01-23 01:00:35 - INFO - Fetching data from API: https://multiplayersessionlist.iondriver.com/api/1.0/sessions?game=bigboat:battlezone_combat_commander
2025-01-23 01:00:50 - INFO - Bot started - checking every 15 seconds
2025-01-23 01:00:50 - INFO - Press Ctrl+C to stop
2025-01-23 01:00:50 - INFO - Fetching data from API: https://multiplayersessionlist.iondriver.com/api/1.0/sessions?game=bigboat:battlezone_combat_commander
2025-01-23 01:00:51 - INFO - Game mod ID: 1325933293
2025-01-23 01:00:51 - INFO - Found mod: Vet Strat Recycler Variant
2025-01-23 01:00:51 - INFO - Bot started - checking every 15 seconds
2025-01-23 01:00:51 - INFO - Press Ctrl+C to stop
2025-01-23 01:00:51 - INFO - Fetching data from API: https://multiplayersessionlist.iondriver.com/api/1.0/sessions?game=bigboat:battlezone_combat_commander
2025-01-23 01:00:52 - INFO - Game mod ID: 1325933293
2025-01-23 01:00:52 - INFO - Found mod: Vet Strat Recycler Variant
2025-01-23 01:01:10 - INFO - Bot started - checking every 15 seconds
2025-01-23 01:01:10 - INFO - Press Ctrl+C to stop
2025-01-23 01:01:10 - INFO - Fetching data from API: https://multiplayersessionlist.iondriver.com/api/1.0/sessions?game=bigboat:battlezone_combat_commander
2025-01-23 01:01:12 - INFO - Game mod ID: 1325933293
2025-01-23 01:01:12 - INFO - Found mod: Vet Strat Recycler Variant
2025-01-23 01:01:27 - INFO - Fetching data from API: https://multiplayersessionlist.iondriver.com/api/1.0/sessions?game=bigboat:battlezone_combat_commander
2025-01-23 01:01:28 - INFO - Game mod ID: 1325933293
2025-01-23 01:01:28 - INFO - Found mod: Vet Strat Recycler Variant
2025-01-23 01:01:43 - INFO - Fetching data from API: https://multiplayersessionlist.iondriver.com/api/1.0/sessions?game=bigboat:battlezone_combat_commander
2025-01-23 01:01:44 - INFO - Game mod ID: 1325933293
2025-01-23 01:01:44 - INFO - Found mod: Vet Strat Recycler Variant
2025-01-23 01:01:59 - INFO - Fetching data from API: https://multiplayersessionlist.iondriver.com/api/1.0/sessions?game=bigboat:battlezone_combat_commander
2025-01-23 01:02:00 - INFO - Game mod ID: 1325933293
2025-01-23 01:02:00 - INFO - Found mod: Vet Strat Recycler Variant
2025-01-23 01:02:15 - INFO - Fetching data from API: https://multiplayersessionlist.iondriver.com/api/1.0/sessions?game=bigboat:battlezone_combat_commander
2025-01-23 01:02:15 - INFO - Game mod ID: 1325933293
2025-01-23 01:02:15 - INFO - Found mod: Vet Strat Recycler Variant
2025-01-23 01:02:31 - INFO - Fetching data from API: https://multiplayersessionlist.iondriver.com/api/1.0/sessions?game=bigboat:battlezone_combat_commander
2025-01-23 01:02:31 - INFO - Game mod ID: 1325933293
2025-01-23 01:02:31 - INFO - Found mod: Vet Strat Recycler Variant
2025-01-23 01:02:46 - INFO - Fetching data from API: https://multiplayersessionlist.iondriver.com/api/1.0/sessions?game=bigboat:battlezone_combat_commander
2025-01-23 01:02:47 - INFO - Game mod ID: 1325933293
2025-01-23 01:02:47 - INFO - Found mod: Vet Strat Recycler Variant
2025-01-23 01:03:02 - INFO - Fetching data from API: https://multiplayersessionlist.iondriver.com/api/1.0/sessions?game=bigboat:battlezone_combat_commander
2025-01-23 01:03:02 - INFO - Game mod ID: 1325933293
2025-01-23 01:03:02 - INFO - Found mod: Vet Strat Recycler Variant
2025-01-23 01:03:17 - INFO - Fetching data from API: https://multiplayersessionlist.iondriver.com/api/1.0/sessions?game=bigboat:battlezone_combat_commander
2025-01-23 01:03:18 - INFO - Game mod ID: 1325933293
2025-01-23 01:03:18 - INFO - Found mod: Vet Strat Recycler Variant
2025-01-23 01:03:33 - INFO - Fetching data from API: https://multiplayersessionlist.iondriver.com/api/1.0/sessions?game=bigboat:battlezone_combat_commander
2025-01-23 01:03:49 - INFO - Fetching data from API: https://multiplayersessionlist.iondriver.com/api/1.0/sessions?game=bigboat:battlezone_combat_commander
2025-01-23 01:03:49 - INFO - Game mod ID: 1325933293
2025-01-23 01:03:49 - INFO - Found mod: Vet Strat Recycler Variant
2025-01-23 01:04:05 - INFO - Fetching data from API: https://multiplayersessionlist.iondriver.com/api/1.0/sessions?game=bigboat:battlezone_combat_commander
2025-01-23 01:04:05 - INFO - Game mod ID: 1325933293
2025-01-23 01:04:05 - INFO - Found mod: Vet Strat Recycler Variant
2025-01-23 01:04:20 - INFO - Fetching data from API: https://multiplayersessionlist.iondriver.com/api/1.0/sessions?game=bigboat:battlezone_combat_commander
2025-01-23 01:04:21 - INFO - Game mod ID: 1325933293
2025-01-23 01:04:21 - INFO - Found mod: Vet Strat Recycler Variant
2025-01-23 01:04:36 - INFO - Fetching data from API: https://multiplayersessionlist.iondriver.com/api/1.0/sessions?game=bigboat:battlezone_combat_commander
2025-01-23 01:04:36 - INFO - Game mod ID: 1325933293
2025-01-23 01:04:36 - INFO - Found mod: Vet Strat Recycler Variant
2025-01-23 01:04:51 - INFO - Fetching data from API: https://multiplayersessionlist.iondriver.com/api/1.0/sessions?game=bigboat:battlezone_combat_commander
2025-01-23 01:04:52 - INFO - Game mod ID: 1325933293
2025-01-23 01:04:52 - INFO - Found mod: Vet Strat Recycler Variant
2025-01-23 01:05:07 - INFO - Fetching data from API: https://multiplayersessionlist.iondriver.com/api/1.0/sessions?game=bigboat:battlezone_combat_commander
2025-01-23 01:05:07 - INFO - Game mod ID: 1325933293
2025-01-23 01:05:07 - INFO - Found mod: Vet Strat Recycler Variant
2025-01-23 01:05:23 - INFO - Fetching data from API: https://multiplayersessionlist.iondriver.com/api/1.0/sessions?game=bigboat:battlezone_combat_commander
2025-01-23 01:05:23 - INFO - Game mod ID: 1325933293
2025-01-23 01:05:23 - INFO - Found mod: Vet Strat Recycler Variant
2025-01-23 01:05:38 - INFO - Fetching data from API: https://multiplayersessionlist.iondriver.com/api/1.0/sessions?game=bigboat:battlezone_combat_commander
2025-01-23 01:05:39 - INFO - Game mod ID: 1325933293
2025-01-23 01:05:39 - INFO - Found mod: Vet Strat Recycler Variant
2025-01-23 01:05:54 - INFO - Fetching data from API: https://multiplayersessionlist.iondriver.com/api/1.0/sessions?game=bigboat:battlezone_combat_commander
2025-01-23 01:05:56 - INFO - Game mod ID: 1325933293
2025-01-23 01:05:56 - INFO - Found mod: Vet Strat Recycler Variant
2025-01-23 01:06:11 - INFO - Fetching data from API: https://multiplayersessionlist.iondriver.com/api/1.0/sessions?game=bigboat:battlezone_combat_commander
2025-01-23 01:06:12 - INFO - Game mod ID: 1325933293
2025-01-23 01:06:12 - INFO - Found mod: Vet Strat Recycler Variant
2025-01-23 01:06:15 - INFO - Bot started - checking every 15 seconds
2025-01-23 01:06:15 - INFO - Press Ctrl+C to stop
2025-01-23 01:06:15 - INFO - Fetching data from API: https://multiplayersessionlist.iondriver.com/api/1.0/sessions?game=bigboat:battlezone_combat_commander
2025-01-23 01:06:16 - INFO - Game mod ID: 1325933293
2025-01-23 01:06:16 - INFO - Found mod: Vet Strat Recycler Variant
2025-01-23 01:08:29 - INFO - Bot started - checking every 15 seconds
2025-01-23 01:08:29 - INFO - Press Ctrl+C to stop
2025-01-23 01:08:29 - INFO - Fetching data from API: https://multiplayersessionlist.iondriver.com/api/1.0/sessions?game=bigboat:battlezone_combat_commander
2025-01-23 01:08:29 - INFO - Game mod ID: 1325933293
2025-01-23 01:08:29 - INFO - Found mod: Vet Strat Recycler Variant
2025-01-23 01:08:45 - INFO - Fetching data from API: https://multiplayersessionlist.iondriver.com/api/1.0/sessions?game=bigboat:battlezone_combat_commander
2025-01-23 01:08:45 - INFO - Game mod ID: 1325933293
2025-01-23 01:08:45 - INFO - Found mod: Vet Strat Recycler Variant
2025-01-23 01:09:00 - INFO - Fetching data from API: https://multiplayersessionlist.iondriver.com/api/1.0/sessions?game=bigboat:battlezone_combat_commander
2025-01-23 01:09:02 - INFO - Game mod ID: 1325933293
2025-01-23 01:09:02 - INFO - Found mod: Vet Strat Recycler Variant
2025-01-23 01:09:17 - INFO - Fetching data from API: https://multiplayersessionlist.iondriver.com/api/1.0/sessions?game=bigboat:battlezone_combat_commander
2025-01-23 01:09:17 - INFO - Game mod ID: 1325933293
2025-01-23 01:09:17 - INFO - Found mod: Vet Strat Recycler Variant
2025-01-23 01:09:33 - INFO - Fetching data from API: https://multiplayersessionlist.iondriver.com/api/1.0/sessions?game=bigboat:battlezone_combat_commander
2025-01-23 01:09:33 - INFO - Game mod ID: 1325933293
2025-01-23 01:09:33 - INFO - Found mod: Vet Strat Recycler Variant
2025-01-23 01:09:48 - INFO - Fetching data from API: https://multiplayersessionlist.iondriver.com/api/1.0/sessions?game=bigboat:battlezone_combat_commander
2025-01-23 01:09:49 - INFO - Game mod ID: 1325933293
2025-01-23 01:09:49 - INFO - Found mod: Vet Strat Recycler Variant
2025-01-23 01:10:04 - INFO - Fetching data from API: https://multiplayersessionlist.iondriver.com/api/1.0/sessions?game=bigboat:battlezone_combat_commander
2025-01-23 01:10:04 - INFO - Game mod ID: 1325933293
2025-01-23 01:10:04 - INFO - Found mod: Vet Strat Recycler Variant
2025-01-23 01:10:19 - INFO - Fetching data from API: https://multiplayersessionlist.iondriver.com/api/1.0/sessions?game=bigboat:battlezone_combat_commander
2025-01-23 01:10:20 - INFO - [test] Game ended, creating new embed
2025-01-23 01:10:20 - INFO - Game mod ID: 1325933293
2025-01-23 01:10:20 - INFO - Found mod: Vet Strat Recycler Variant
2025-01-23 01:10:20 - INFO - Game mod ID: 1325933293
2025-01-23 01:10:20 - INFO - Found mod: Vet Strat Recycler Variant
2025-01-23 01:10:35 - INFO - Fetching data from API: https://multiplayersessionlist.iondriver.com/api/1.0/sessions?game=bigboat:battlezone_combat_commander
2025-01-23 01:10:36 - INFO - Game mod ID: 1325933293
2025-01-23 01:10:36 - INFO - Found mod: Vet Strat Recycler Variant
2025-01-23 01:10:49 - INFO - Bot started - checking every 15 seconds
2025-01-23 01:10:49 - INFO - Press Ctrl+C to stop
2025-01-23 01:10:49 - INFO - Fetching data from API: https://multiplayersessionlist.iondriver.com/api/1.0/sessions?game=bigboat:battlezone_combat_commander
2025-01-23 01:10:49 - INFO - Game mod ID: 1325933293
2025-01-23 01:10:49 - INFO - Found mod: Vet Strat Recycler Variant
2025-01-23 01:11:04 - INFO - Fetching data from API: https://multiplayersessionlist.iondriver.com/api/1.0/sessions?game=bigboat:battlezone_combat_commander
2025-01-23 01:11:05 - INFO - Game mod ID: 1325933293
2025-01-23 01:11:05 - INFO - Found mod: Vet Strat Recycler Variant
2025-01-23 01:11:20 - INFO - Fetching data from API: https://multiplayersessionlist.iondriver.com/api/1.0/sessions?game=bigboat:battlezone_combat_commander
2025-01-23 01:11:20 - INFO - Game mod ID: 1325933293
2025-01-23 01:11:20 - INFO - Found mod: Vet Strat Recycler Variant
2025-01-23 01:11:36 - INFO - Fetching data from API: https://multiplayersessionlist.iondriver.com/api/1.0/sessions?game=bigboat:battlezone_combat_commander
2025-01-23 01:11:36 - INFO - Game mod ID: 1325933293
2025-01-23 01:11:36 - INFO - Found mod: Vet Strat Recycler Variant
2025-01-23 01:11:51 - INFO - Fetching data from API: https://multiplayersessionlist.iondriver.com/api/1.0/sessions?game=bigboat:battlezone_combat_commander
2025-01-23 01:11:52 - INFO - Game mod ID: 1325933293
2025-01-23 01:11:52 - INFO - Found mod: Vet Strat Recycler Variant
2025-01-23 01:12:07 - INFO - Fetching data from API: https://multiplayersessionlist.iondriver.com/api/1.0/sessions?game=bigboat:battlezone_combat_commander
2025-01-23 01:12:09 - INFO - Game mod ID: 1325933293
2025-01-23 01:12:09 - INFO - Found mod: Vet Strat Recycler Variant
2025-01-23 01:12:24 - INFO - Fetching data from API: https://multiplayersessionlist.iondriver.com/api/1.0/sessions?game=bigboat:battlezone_combat_commander
2025-01-23 01:12:25 - INFO - Game mod ID: 1325933293
2025-01-23 01:12:25 - INFO - Found mod: Vet Strat Recycler Variant
2025-01-23 01:12:40 - INFO - Fetching data from API: https://multiplayersessionlist.iondriver.com/api/1.0/sessions?game=bigboat:battlezone_combat_commander
2025-01-23 01:12:41 - INFO - Game mod ID: 1325933293
2025-01-23 01:12:41 - INFO - Found mod: Vet Strat Recycler Variant
2025-01-23 01:12:56 - INFO - Fetching data from API: https://multiplayersessionlist.iondriver.com/api/1.0/sessions?game=bigboat:battlezone_combat_commander
2025-01-23 01:12:57 - INFO - Game mod ID: 1325933293
2025-01-23 01:12:57 - INFO - Found mod: Vet Strat Recycler Variant
2025-01-23 01:13:12 - INFO - Fetching data from API: https://multiplayersessionlist.iondriver.com/api/1.0/sessions?game=bigboat:battlezone_combat_commander
2025-01-23 01:13:13 - INFO - Game mod ID: 1325933293
2025-01-23 01:13:13 - INFO - Found mod: Vet Strat Recycler Variant
2025-01-23 01:13:28 - INFO - Fetching data from API: https://multiplayersessionlist.iondriver.com/api/1.0/sessions?game=bigboat:battlezone_combat_commander
2025-01-23 01:13:29 - INFO - Game mod ID: 1325933293
2025-01-23 01:13:29 - INFO - Found mod: Vet Strat Recycler Variant
2025-01-23 01:13:44 - INFO - Fetching data from API: https://multiplayersessionlist.iondriver.com/api/1.0/sessions?game=bigboat:battlezone_combat_commander
2025-01-23 01:13:45 - INFO - Game mod ID: 1325933293
2025-01-23 01:13:45 - INFO - Found mod: Vet Strat Recycler Variant
2025-01-23 01:14:00 - INFO - Fetching data from API: https://multiplayersessionlist.iondriver.com/api/1.0/sessions?game=bigboat:battlezone_combat_commander
2025-01-23 01:14:02 - INFO - Game mod ID: 1325933293
2025-01-23 01:14:02 - INFO - Found mod: Vet Strat Recycler Variant
2025-01-23 01:14:17 - INFO - Fetching data from API: https://multiplayersessionlist.iondriver.com/api/1.0/sessions?game=bigboat:battlezone_combat_commander
2025-01-23 01:14:17 - INFO - Game mod ID: 1325933293
2025-01-23 01:14:17 - INFO - Found mod: Vet Strat Recycler Variant
2025-01-23 01:14:33 - INFO - Fetching data from API: https://multiplayersessionlist.iondriver.com/api/1.0/sessions?game=bigboat:battlezone_combat_commander
2025-01-23 01:14:33 - INFO - Game mod ID: 1325933293
2025-01-23 01:14:33 - INFO - Found mod: Vet Strat Recycler Variant
2025-01-23 01:14:51 - INFO - Bot started - checking every 15 seconds
2025-01-23 01:14:51 - INFO - Press Ctrl+C to stop
2025-01-23 01:14:51 - INFO - Fetching data from API: https://multiplayersessionlist.iondriver.com/api/1.0/sessions?game=bigboat:battlezone_combat_commander
2025-01-23 01:14:52 - INFO - Game mod ID: 1325933293
2025-01-23 01:14:52 - INFO - Found mod: Vet Strat Recycler Variant
2025-01-23 01:15:07 - INFO - Fetching data from API: https://multiplayersessionlist.iondriver.com/api/1.0/sessions?game=bigboat:battlezone_combat_commander
2025-01-23 01:15:07 - INFO - Game mod ID: 1325933293
2025-01-23 01:15:07 - INFO - Found mod: Vet Strat Recycler Variant
2025-01-23 01:15:22 - INFO - Fetching data from API: https://multiplayersessionlist.iondriver.com/api/1.0/sessions?game=bigboat:battlezone_combat_commander
2025-01-23 01:15:23 - INFO - Game mod ID: 1325933293
2025-01-23 01:15:23 - INFO - Found mod: Vet Strat Recycler Variant
2025-01-23 01:15:38 - INFO - Fetching data from API: https://multiplayersessionlist.iondriver.com/api/1.0/sessions?game=bigboat:battlezone_combat_commander
2025-01-23 01:15:39 - INFO - Game mod ID: 1325933293
2025-01-23 01:15:39 - INFO - Found mod: Vet Strat Recycler Variant
2025-01-23 01:15:54 - INFO - Fetching data from API: https://multiplayersessionlist.iondriver.com/api/1.0/sessions?game=bigboat:battlezone_combat_commander
2025-01-23 01:15:54 - INFO - Game mod ID: 1325933293
2025-01-23 01:15:54 - INFO - Found mod: Vet Strat Recycler Variant
2025-01-23 01:16:10 - INFO - Fetching data from API: https://multiplayersessionlist.iondriver.com/api/1.0/sessions?game=bigboat:battlezone_combat_commander
2025-01-23 01:16:10 - INFO - [test] Game ended, creating new embed
2025-01-23 01:16:10 - INFO - Game mod ID: 1325933293
2025-01-23 01:16:10 - INFO - Found mod: Vet Strat Recycler Variant
2025-01-23 01:16:10 - INFO - Game mod ID: 1325933293
2025-01-23 01:16:10 - INFO - Found mod: Vet Strat Recycler Variant
2025-01-23 01:16:25 - INFO - Fetching data from API: https://multiplayersessionlist.iondriver.com/api/1.0/sessions?game=bigboat:battlezone_combat_commander
2025-01-23 01:16:26 - INFO - Game mod ID: 1325933293
2025-01-23 01:16:26 - INFO - Found mod: Vet Strat Recycler Variant
2025-01-23 01:16:41 - INFO - Fetching data from API: https://multiplayersessionlist.iondriver.com/api/1.0/sessions?game=bigboat:battlezone_combat_commander
2025-01-23 01:16:42 - INFO - Game mod ID: 1325933293
2025-01-23 01:16:42 - INFO - Found mod: Vet Strat Recycler Variant
2025-01-23 01:16:57 - INFO - Fetching data from API: https://multiplayersessionlist.iondriver.com/api/1.0/sessions?game=bigboat:battlezone_combat_commander
2025-01-23 01:16:58 - INFO - Game mod ID: 1325933293
2025-01-23 01:16:58 - INFO - Found mod: Vet Strat Recycler Variant
2025-01-23 01:17:13 - INFO - Fetching data from API: https://multiplayersessionlist.iondriver.com/api/1.0/sessions?game=bigboat:battlezone_combat_commander
2025-01-23 01:17:15 - INFO - Game mod ID: 1325933293
2025-01-23 01:17:15 - INFO - Found mod: Vet Strat Recycler Variant
2025-01-23 01:17:30 - INFO - Fetching data from API: https://multiplayersessionlist.iondriver.com/api/1.0/sessions?game=bigboat:battlezone_combat_commander
2025-01-23 01:17:30 - INFO - Game mod ID: 1325933293
2025-01-23 01:17:30 - INFO - Found mod: Vet Strat Recycler Variant
2025-01-23 01:17:45 - INFO - Fetching data from API: https://multiplayersessionlist.iondriver.com/api/1.0/sessions?game=bigboat:battlezone_combat_commander
2025-01-23 01:17:46 - INFO - Game mod ID: 1325933293
2025-01-23 01:17:46 - INFO - Found mod: Vet Strat Recycler Variant
2025-01-23 01:18:01 - INFO - Fetching data from API: https://multiplayersessionlist.iondriver.com/api/1.0/sessions?game=bigboat:battlezone_combat_commander
2025-01-23 01:18:02 - INFO - Game mod ID: 1325933293
2025-01-23 01:18:02 - INFO - Found mod: Vet Strat Recycler Variant
2025-01-23 01:18:17 - INFO - Fetching data from API: https://multiplayersessionlist.iondriver.com/api/1.0/sessions?game=bigboat:battlezone_combat_commander
2025-01-23 01:18:18 - INFO - Game mod ID: 1325933293
2025-01-23 01:18:18 - INFO - Found mod: Vet Strat Recycler Variant
2025-01-23 01:18:33 - INFO - Fetching data from API: https://multiplayersessionlist.iondriver.com/api/1.0/sessions?game=bigboat:battlezone_combat_commander
2025-01-23 01:18:33 - INFO - Game mod ID: 1325933293
2025-01-23 01:18:33 - INFO - Found mod: Vet Strat Recycler Variant
2025-01-23 01:18:48 - INFO - Fetching data from API: https://multiplayersessionlist.iondriver.com/api/1.0/sessions?game=bigboat:battlezone_combat_commander
2025-01-23 01:18:49 - INFO - Game mod ID: 1325933293
2025-01-23 01:18:49 - INFO - Found mod: Vet Strat Recycler Variant
2025-01-23 01:19:04 - INFO - Fetching data from API: https://multiplayersessionlist.iondriver.com/api/1.0/sessions?game=bigboat:battlezone_combat_commander
2025-01-23 01:19:05 - INFO - Game mod ID: 1325933293
2025-01-23 01:19:05 - INFO - Found mod: Vet Strat Recycler Variant
2025-01-23 01:19:21 - INFO - Fetching data from API: https://multiplayersessionlist.iondriver.com/api/1.0/sessions?game=bigboat:battlezone_combat_commander
2025-01-23 01:19:22 - INFO - Game mod ID: 1325933293
2025-01-23 01:19:22 - INFO - Found mod: Vet Strat Recycler Variant
2025-01-23 01:19:37 - INFO - Fetching data from API: https://multiplayersessionlist.iondriver.com/api/1.0/sessions?game=bigboat:battlezone_combat_commander
2025-01-23 01:19:38 - INFO - Game mod ID: 1325933293
2025-01-23 01:19:38 - INFO - Found mod: Vet Strat Recycler Variant
2025-01-23 01:19:53 - INFO - Fetching data from API: https://multiplayersessionlist.iondriver.com/api/1.0/sessions?game=bigboat:battlezone_combat_commander
2025-01-23 01:19:53 - INFO - Game mod ID: 1325933293
2025-01-23 01:19:53 - INFO - Found mod: Vet Strat Recycler Variant
2025-01-23 01:20:08 - INFO - Fetching data from API: https://multiplayersessionlist.iondriver.com/api/1.0/sessions?game=bigboat:battlezone_combat_commander
2025-01-23 01:20:09 - INFO - Game mod ID: 1325933293
2025-01-23 01:20:09 - INFO - Found mod: Vet Strat Recycler Variant
2025-01-23 01:20:24 - INFO - Fetching data from API: https://multiplayersessionlist.iondriver.com/api/1.0/sessions?game=bigboat:battlezone_combat_commander
2025-01-23 01:20:24 - INFO - Game mod ID: 1325933293
2025-01-23 01:20:24 - INFO - Found mod: Vet Strat Recycler Variant
2025-01-23 01:20:40 - INFO - Fetching data from API: https://multiplayersessionlist.iondriver.com/api/1.0/sessions?game=bigboat:battlezone_combat_commander
2025-01-23 01:20:40 - INFO - Game mod ID: 1325933293
2025-01-23 01:20:40 - INFO - Found mod: Vet Strat Recycler Variant
2025-01-23 01:20:55 - INFO - Fetching data from API: https://multiplayersessionlist.iondriver.com/api/1.0/sessions?game=bigboat:battlezone_combat_commander
2025-01-23 01:20:56 - INFO - Game mod ID: 1325933293
2025-01-23 01:20:56 - INFO - Found mod: Vet Strat Recycler Variant
2025-01-23 01:21:11 - INFO - Fetching data from API: https://multiplayersessionlist.iondriver.com/api/1.0/sessions?game=bigboat:battlezone_combat_commander
2025-01-23 01:21:11 - INFO - Game mod ID: 1325933293
2025-01-23 01:21:11 - INFO - Found mod: Vet Strat Recycler Variant
2025-01-23 01:21:26 - INFO - Fetching data from API: https://multiplayersessionlist.iondriver.com/api/1.0/sessions?game=bigboat:battlezone_combat_commander
2025-01-23 01:21:29 - INFO - Game mod ID: 1325933293
2025-01-23 01:21:29 - INFO - Found mod: Vet Strat Recycler Variant
2025-01-23 01:21:44 - INFO - Fetching data from API: https://multiplayersessionlist.iondriver.com/api/1.0/sessions?game=bigboat:battlezone_combat_commander
2025-01-23 01:21:44 - INFO - Game mod ID: 1325933293
2025-01-23 01:21:44 - INFO - Found mod: Vet Strat Recycler Variant
2025-01-23 01:22:00 - INFO - Fetching data from API: https://multiplayersessionlist.iondriver.com/api/1.0/sessions?game=bigboat:battlezone_combat_commander
2025-01-23 01:22:02 - INFO - Game mod ID: 1325933293
2025-01-23 01:22:02 - INFO - Found mod: Vet Strat Recycler Variant
2025-01-23 01:22:17 - INFO - Fetching data from API: https://multiplayersessionlist.iondriver.com/api/1.0/sessions?game=bigboat:battlezone_combat_commander
2025-01-23 01:22:17 - INFO - Game mod ID: 1325933293
2025-01-23 01:22:17 - INFO - Found mod: Vet Strat Recycler Variant
2025-01-23 01:22:33 - INFO - Fetching data from API: https://multiplayersessionlist.iondriver.com/api/1.0/sessions?game=bigboat:battlezone_combat_commander
2025-01-23 01:22:33 - INFO - Game mod ID: 1325933293
2025-01-23 01:22:33 - INFO - Found mod: Vet Strat Recycler Variant
2025-01-23 01:22:48 - INFO - Fetching data from API: https://multiplayersessionlist.iondriver.com/api/1.0/sessions?game=bigboat:battlezone_combat_commander
2025-01-23 01:22:50 - INFO - Game mod ID: 1325933293
2025-01-23 01:22:50 - INFO - Found mod: Vet Strat Recycler Variant
2025-01-23 01:23:05 - INFO - Fetching data from API: https://multiplayersessionlist.iondriver.com/api/1.0/sessions?game=bigboat:battlezone_combat_commander
2025-01-23 01:23:05 - INFO - Game mod ID: 1325933293
2025-01-23 01:23:05 - INFO - Found mod: Vet Strat Recycler Variant
2025-01-23 01:23:21 - INFO - Fetching data from API: https://multiplayersessionlist.iondriver.com/api/1.0/sessions?game=bigboat:battlezone_combat_commander
2025-01-23 01:23:23 - INFO - Game mod ID: 1325933293
2025-01-23 01:23:23 - INFO - Found mod: Vet Strat Recycler Variant
2025-01-23 01:23:38 - INFO - Fetching data from API: https://multiplayersessionlist.iondriver.com/api/1.0/sessions?game=bigboat:battlezone_combat_commander
2025-01-23 01:23:40 - INFO - Game mod ID: 1325933293
2025-01-23 01:23:40 - INFO - Found mod: Vet Strat Recycler Variant
2025-01-23 01:23:55 - INFO - Fetching data from API: https://multiplayersessionlist.iondriver.com/api/1.0/sessions?game=bigboat:battlezone_combat_commander
2025-01-23 01:23:55 - INFO - Game mod ID: 1325933293
2025-01-23 01:23:55 - INFO - Found mod: Vet Strat Recycler Variant
2025-01-23 01:24:11 - INFO - Fetching data from API: https://multiplayersessionlist.iondriver.com/api/1.0/sessions?game=bigboat:battlezone_combat_commander
2025-01-23 01:24:11 - INFO - Game mod ID: 1325933293
2025-01-23 01:24:11 - INFO - Found mod: Vet Strat Recycler Variant
2025-01-23 01:24:26 - INFO - Fetching data from API: https://multiplayersessionlist.iondriver.com/api/1.0/sessions?game=bigboat:battlezone_combat_commander
2025-01-23 01:24:27 - INFO - Game mod ID: 1325933293
2025-01-23 01:24:27 - INFO - Found mod: Vet Strat Recycler Variant
2025-01-23 01:24:42 - INFO - Fetching data from API: https://multiplayersessionlist.iondriver.com/api/1.0/sessions?game=bigboat:battlezone_combat_commander
2025-01-23 01:24:42 - INFO - Game mod ID: 1325933293
2025-01-23 01:24:42 - INFO - Found mod: Vet Strat Recycler Variant
2025-01-23 01:24:57 - INFO - Fetching data from API: https://multiplayersessionlist.iondriver.com/api/1.0/sessions?game=bigboat:battlezone_combat_commander
2025-01-23 01:24:58 - INFO - Game mod ID: 1325933293
2025-01-23 01:24:58 - INFO - Found mod: Vet Strat Recycler Variant
2025-01-23 01:25:14 - INFO - Fetching data from API: https://multiplayersessionlist.iondriver.com/api/1.0/sessions?game=bigboat:battlezone_combat_commander
2025-01-23 01:25:14 - INFO - Game mod ID: 1325933293
2025-01-23 01:25:14 - INFO - Found mod: Vet Strat Recycler Variant
2025-01-23 01:25:29 - INFO - Fetching data from API: https://multiplayersessionlist.iondriver.com/api/1.0/sessions?game=bigboat:battlezone_combat_commander
2025-01-23 01:25:30 - INFO - Game mod ID: 1325933293
2025-01-23 01:25:30 - INFO - Found mod: Vet Strat Recycler Variant
2025-01-23 01:25:45 - INFO - Fetching data from API: https://multiplayersessionlist.iondriver.com/api/1.0/sessions?game=bigboat:battlezone_combat_commander
2025-01-23 01:25:45 - INFO - Game mod ID: 1325933293
2025-01-23 01:25:45 - INFO - Found mod: Vet Strat Recycler Variant
2025-01-23 01:26:01 - INFO - Fetching data from API: https://multiplayersessionlist.iondriver.com/api/1.0/sessions?game=bigboat:battlezone_combat_commander
2025-01-23 01:26:03 - INFO - Game mod ID: 1325933293
2025-01-23 01:26:03 - INFO - Found mod: Vet Strat Recycler Variant
2025-01-23 01:26:18 - INFO - Fetching data from API: https://multiplayersessionlist.iondriver.com/api/1.0/sessions?game=bigboat:battlezone_combat_commander
2025-01-23 01:26:20 - INFO - Game mod ID: 1325933293
2025-01-23 01:26:20 - INFO - Found mod: Vet Strat Recycler Variant
2025-01-23 01:26:35 - INFO - Fetching data from API: https://multiplayersessionlist.iondriver.com/api/1.0/sessions?game=bigboat:battlezone_combat_commander
2025-01-23 01:26:35 - INFO - Game mod ID: 1325933293
2025-01-23 01:26:35 - INFO - Found mod: Vet Strat Recycler Variant
2025-01-23 01:26:50 - INFO - Fetching data from API: https://multiplayersessionlist.iondriver.com/api/1.0/sessions?game=bigboat:battlezone_combat_commander
2025-01-23 01:26:51 - INFO - Game mod ID: 1325933293
2025-01-23 01:26:51 - INFO - Found mod: Vet Strat Recycler Variant
2025-01-23 01:27:06 - INFO - Fetching data from API: https://multiplayersessionlist.iondriver.com/api/1.0/sessions?game=bigboat:battlezone_combat_commander
2025-01-23 01:27:06 - INFO - Game mod ID: 1325933293
2025-01-23 01:27:06 - INFO - Found mod: Vet Strat Recycler Variant
2025-01-23 01:27:22 - INFO - Fetching data from API: https://multiplayersessionlist.iondriver.com/api/1.0/sessions?game=bigboat:battlezone_combat_commander
2025-01-23 01:27:22 - INFO - Game mod ID: 1325933293
2025-01-23 01:27:22 - INFO - Found mod: Vet Strat Recycler Variant
2025-01-23 01:27:37 - INFO - Fetching data from API: https://multiplayersessionlist.iondriver.com/api/1.0/sessions?game=bigboat:battlezone_combat_commander
2025-01-23 01:27:38 - INFO - Game mod ID: 1325933293
2025-01-23 01:27:38 - INFO - Found mod: Vet Strat Recycler Variant
2025-01-23 01:27:53 - INFO - Fetching data from API: https://multiplayersessionlist.iondriver.com/api/1.0/sessions?game=bigboat:battlezone_combat_commander
2025-01-23 01:27:54 - INFO - Game mod ID: 1325933293
2025-01-23 01:27:54 - INFO - Found mod: Vet Strat Recycler Variant
2025-01-23 01:28:09 - INFO - Fetching data from API: https://multiplayersessionlist.iondriver.com/api/1.0/sessions?game=bigboat:battlezone_combat_commander
2025-01-23 01:28:09 - INFO - Game mod ID: 1325933293
2025-01-23 01:28:09 - INFO - Found mod: Vet Strat Recycler Variant
2025-01-23 01:28:24 - INFO - Fetching data from API: https://multiplayersessionlist.iondriver.com/api/1.0/sessions?game=bigboat:battlezone_combat_commander
2025-01-23 01:28:25 - INFO - Game mod ID: 1325933293
2025-01-23 01:28:25 - INFO - Found mod: Vet Strat Recycler Variant
2025-01-23 01:28:41 - INFO - Fetching data from API: https://multiplayersessionlist.iondriver.com/api/1.0/sessions?game=bigboat:battlezone_combat_commander
2025-01-23 01:28:41 - INFO - Game mod ID: 1325933293
2025-01-23 01:28:41 - INFO - Found mod: Vet Strat Recycler Variant
2025-01-23 01:28:57 - INFO - Fetching data from API: https://multiplayersessionlist.iondriver.com/api/1.0/sessions?game=bigboat:battlezone_combat_commander
2025-01-23 01:28:57 - INFO - Game mod ID: 1325933293
2025-01-23 01:28:57 - INFO - Found mod: Vet Strat Recycler Variant
2025-01-23 01:29:12 - INFO - Fetching data from API: https://multiplayersessionlist.iondriver.com/api/1.0/sessions?game=bigboat:battlezone_combat_commander
2025-01-23 01:29:12 - INFO - Game mod ID: 1325933293
2025-01-23 01:29:12 - INFO - Found mod: Vet Strat Recycler Variant
2025-01-23 01:29:28 - INFO - Fetching data from API: https://multiplayersessionlist.iondriver.com/api/1.0/sessions?game=bigboat:battlezone_combat_commander
2025-01-23 01:29:31 - INFO - Game mod ID: 1325933293
2025-01-23 01:29:31 - INFO - Found mod: Vet Strat Recycler Variant
2025-01-23 01:29:46 - INFO - Fetching data from API: https://multiplayersessionlist.iondriver.com/api/1.0/sessions?game=bigboat:battlezone_combat_commander
2025-01-23 01:29:47 - INFO - Game mod ID: 1325933293
2025-01-23 01:29:47 - INFO - Found mod: Vet Strat Recycler Variant
2025-01-23 01:29:51 - INFO - Bot started - checking every 15 seconds
2025-01-23 01:29:51 - INFO - Press Ctrl+C to stop
2025-01-23 01:29:51 - INFO - Fetching data from API: https://multiplayersessionlist.iondriver.com/api/1.0/sessions?game=bigboat:battlezone_combat_commander
2025-01-23 01:29:52 - INFO - Game mod ID: 1325933293
2025-01-23 01:29:52 - INFO - Found mod: Vet Strat Recycler Variant
2025-01-23 01:30:08 - INFO - Fetching data from API: https://multiplayersessionlist.iondriver.com/api/1.0/sessions?game=bigboat:battlezone_combat_commander
2025-01-23 01:30:08 - INFO - Game mod ID: 1325933293
2025-01-23 01:30:08 - INFO - Found mod: Vet Strat Recycler Variant
2025-01-23 01:30:23 - INFO - Fetching data from API: https://multiplayersessionlist.iondriver.com/api/1.0/sessions?game=bigboat:battlezone_combat_commander
2025-01-23 01:30:23 - INFO - Game mod ID: 1325933293
2025-01-23 01:30:23 - INFO - Found mod: Vet Strat Recycler Variant
